<?xml version="1.0" encoding="UTF-8"?>
<testng-results ignored="0" total="25" passed="7" failed="18" skipped="0">
  <reporter-output>
  </reporter-output>
  <suite started-at="2024-10-22T20:22:19 EEST" name="SauceDemo Tests Suite" finished-at="2024-10-22T20:28:11 EEST" duration-ms="352227">
    <groups>
    </groups>
    <test started-at="2024-10-22T20:22:19 EEST" name="Login Functionality Tests" finished-at="2024-10-22T20:22:48 EEST" duration-ms="29338">
      <class name="com.MyTestingCo.tests.login.ValidLoginTest">
        <test-method is-config="true" signature="setUp(java.lang.String)[pri:0, instance:com.MyTestingCo.tests.login.ValidLoginTest@69c81773]" started-at="2024-10-22T20:22:19 EEST" name="setUp" finished-at="2024-10-22T20:22:26 EEST" duration-ms="7240" status="PASS">
          <params>
            <param index="0">
              <value>
                <![CDATA[chrome]]>
              </value>
            </param>
          </params>
          <reporter-output>
          </reporter-output>
        </test-method> <!-- setUp -->
        <test-method signature="testValidLogin()[pri:0, instance:com.MyTestingCo.tests.login.ValidLoginTest@69c81773]" started-at="2024-10-22T20:22:26 EEST" name="testValidLogin" description="Verify that a user can log in with valid credentials" finished-at="2024-10-22T20:22:30 EEST" duration-ms="3427" status="PASS">
          <reporter-output>
          </reporter-output>
        </test-method> <!-- testValidLogin -->
        <test-method is-config="true" signature="addScreenshotOnFailure(org.testng.ITestResult)[pri:0, instance:com.MyTestingCo.tests.login.ValidLoginTest@69c81773]" started-at="2024-10-22T20:22:30 EEST" name="addScreenshotOnFailure" finished-at="2024-10-22T20:22:30 EEST" duration-ms="2" status="PASS">
          <params>
            <param index="0">
              <value>
                <![CDATA[[TestResult name=testValidLogin status=SUCCESS method=ValidLoginTest.testValidLogin()[pri:0, instance:com.MyTestingCo.tests.login.ValidLoginTest@69c81773] output={null}]]]>
              </value>
            </param>
          </params>
          <reporter-output>
          </reporter-output>
        </test-method> <!-- addScreenshotOnFailure -->
        <test-method is-config="true" signature="addScreenshotOnSuccess(org.testng.ITestResult)[pri:0, instance:com.MyTestingCo.tests.login.ValidLoginTest@69c81773]" started-at="2024-10-22T20:22:30 EEST" name="addScreenshotOnSuccess" finished-at="2024-10-22T20:22:30 EEST" duration-ms="195" status="PASS">
          <params>
            <param index="0">
              <value>
                <![CDATA[[TestResult name=testValidLogin status=SUCCESS method=ValidLoginTest.testValidLogin()[pri:0, instance:com.MyTestingCo.tests.login.ValidLoginTest@69c81773] output={null}]]]>
              </value>
            </param>
          </params>
          <reporter-output>
          </reporter-output>
        </test-method> <!-- addScreenshotOnSuccess -->
        <test-method is-config="true" signature="tearDown()[pri:0, instance:com.MyTestingCo.tests.login.ValidLoginTest@69c81773]" started-at="2024-10-22T20:22:30 EEST" name="tearDown" finished-at="2024-10-22T20:22:30 EEST" duration-ms="209" status="PASS">
          <reporter-output>
          </reporter-output>
        </test-method> <!-- tearDown -->
      </class> <!-- com.MyTestingCo.tests.login.ValidLoginTest -->
      <class name="com.MyTestingCo.tests.login.InvalidLoginTest">
        <test-method is-config="true" signature="setUp(java.lang.String)[pri:0, instance:com.MyTestingCo.tests.login.InvalidLoginTest@6b09fb41]" started-at="2024-10-22T20:22:30 EEST" name="setUp" finished-at="2024-10-22T20:22:32 EEST" duration-ms="1194" status="PASS">
          <params>
            <param index="0">
              <value>
                <![CDATA[chrome]]>
              </value>
            </param>
          </params>
          <reporter-output>
          </reporter-output>
        </test-method> <!-- setUp -->
        <test-method signature="testInvalidLogin()[pri:0, instance:com.MyTestingCo.tests.login.InvalidLoginTest@6b09fb41]" started-at="2024-10-22T20:22:32 EEST" name="testInvalidLogin" description="Verify that an error message is displayed with invalid credentials" finished-at="2024-10-22T20:22:35 EEST" duration-ms="3015" status="PASS">
          <reporter-output>
          </reporter-output>
        </test-method> <!-- testInvalidLogin -->
        <test-method is-config="true" signature="addScreenshotOnFailure(org.testng.ITestResult)[pri:0, instance:com.MyTestingCo.tests.login.InvalidLoginTest@6b09fb41]" started-at="2024-10-22T20:22:35 EEST" name="addScreenshotOnFailure" finished-at="2024-10-22T20:22:35 EEST" duration-ms="1" status="PASS">
          <params>
            <param index="0">
              <value>
                <![CDATA[[TestResult name=testInvalidLogin status=SUCCESS method=InvalidLoginTest.testInvalidLogin()[pri:0, instance:com.MyTestingCo.tests.login.InvalidLoginTest@6b09fb41] output={null}]]]>
              </value>
            </param>
          </params>
          <reporter-output>
          </reporter-output>
        </test-method> <!-- addScreenshotOnFailure -->
        <test-method is-config="true" signature="addScreenshotOnSuccess(org.testng.ITestResult)[pri:0, instance:com.MyTestingCo.tests.login.InvalidLoginTest@6b09fb41]" started-at="2024-10-22T20:22:35 EEST" name="addScreenshotOnSuccess" finished-at="2024-10-22T20:22:35 EEST" duration-ms="171" status="PASS">
          <params>
            <param index="0">
              <value>
                <![CDATA[[TestResult name=testInvalidLogin status=SUCCESS method=InvalidLoginTest.testInvalidLogin()[pri:0, instance:com.MyTestingCo.tests.login.InvalidLoginTest@6b09fb41] output={null}]]]>
              </value>
            </param>
          </params>
          <reporter-output>
          </reporter-output>
        </test-method> <!-- addScreenshotOnSuccess -->
        <test-method is-config="true" signature="tearDown()[pri:0, instance:com.MyTestingCo.tests.login.InvalidLoginTest@6b09fb41]" started-at="2024-10-22T20:22:35 EEST" name="tearDown" finished-at="2024-10-22T20:22:35 EEST" duration-ms="200" status="PASS">
          <reporter-output>
          </reporter-output>
        </test-method> <!-- tearDown -->
      </class> <!-- com.MyTestingCo.tests.login.InvalidLoginTest -->
      <class name="com.MyTestingCo.tests.login.LoginWithSpecialCharactersTest">
        <test-method is-config="true" signature="setUp(java.lang.String)[pri:0, instance:com.MyTestingCo.tests.login.LoginWithSpecialCharactersTest@782859e]" started-at="2024-10-22T20:22:44 EEST" name="setUp" finished-at="2024-10-22T20:22:45 EEST" duration-ms="1150" status="PASS">
          <params>
            <param index="0">
              <value>
                <![CDATA[chrome]]>
              </value>
            </param>
          </params>
          <reporter-output>
          </reporter-output>
        </test-method> <!-- setUp -->
        <test-method signature="loginWithSpecialCharactersTest()[pri:5, instance:com.MyTestingCo.tests.login.LoginWithSpecialCharactersTest@782859e]" started-at="2024-10-22T20:22:45 EEST" name="loginWithSpecialCharactersTest" description="Login with Special Characters Test" finished-at="2024-10-22T20:22:48 EEST" duration-ms="3044" status="PASS">
          <reporter-output>
          </reporter-output>
        </test-method> <!-- loginWithSpecialCharactersTest -->
        <test-method is-config="true" signature="addScreenshotOnFailure(org.testng.ITestResult)[pri:0, instance:com.MyTestingCo.tests.login.LoginWithSpecialCharactersTest@782859e]" started-at="2024-10-22T20:22:48 EEST" name="addScreenshotOnFailure" finished-at="2024-10-22T20:22:48 EEST" duration-ms="1" status="PASS">
          <params>
            <param index="0">
              <value>
                <![CDATA[[TestResult name=loginWithSpecialCharactersTest status=SUCCESS method=LoginWithSpecialCharactersTest.loginWithSpecialCharactersTest()[pri:5, instance:com.MyTestingCo.tests.login.LoginWithSpecialCharactersTest@782859e] output={null}]]]>
              </value>
            </param>
          </params>
          <reporter-output>
          </reporter-output>
        </test-method> <!-- addScreenshotOnFailure -->
        <test-method is-config="true" signature="addScreenshotOnSuccess(org.testng.ITestResult)[pri:0, instance:com.MyTestingCo.tests.login.LoginWithSpecialCharactersTest@782859e]" started-at="2024-10-22T20:22:48 EEST" name="addScreenshotOnSuccess" finished-at="2024-10-22T20:22:48 EEST" duration-ms="174" status="PASS">
          <params>
            <param index="0">
              <value>
                <![CDATA[[TestResult name=loginWithSpecialCharactersTest status=SUCCESS method=LoginWithSpecialCharactersTest.loginWithSpecialCharactersTest()[pri:5, instance:com.MyTestingCo.tests.login.LoginWithSpecialCharactersTest@782859e] output={null}]]]>
              </value>
            </param>
          </params>
          <reporter-output>
          </reporter-output>
        </test-method> <!-- addScreenshotOnSuccess -->
        <test-method is-config="true" signature="tearDown()[pri:0, instance:com.MyTestingCo.tests.login.LoginWithSpecialCharactersTest@782859e]" started-at="2024-10-22T20:22:48 EEST" name="tearDown" finished-at="2024-10-22T20:22:48 EEST" duration-ms="207" status="PASS">
          <reporter-output>
          </reporter-output>
        </test-method> <!-- tearDown -->
      </class> <!-- com.MyTestingCo.tests.login.LoginWithSpecialCharactersTest -->
      <class name="com.MyTestingCo.tests.login.LoginWithEmptyPasswordTest">
        <test-method is-config="true" signature="setUp(java.lang.String)[pri:0, instance:com.MyTestingCo.tests.login.LoginWithEmptyPasswordTest@3932c79a]" started-at="2024-10-22T20:22:39 EEST" name="setUp" finished-at="2024-10-22T20:22:41 EEST" duration-ms="1064" status="PASS">
          <params>
            <param index="0">
              <value>
                <![CDATA[chrome]]>
              </value>
            </param>
          </params>
          <reporter-output>
          </reporter-output>
        </test-method> <!-- setUp -->
        <test-method signature="loginWithEmptyPasswordTest()[pri:4, instance:com.MyTestingCo.tests.login.LoginWithEmptyPasswordTest@3932c79a]" started-at="2024-10-22T20:22:41 EEST" name="loginWithEmptyPasswordTest" description="Login with Empty Password Test" finished-at="2024-10-22T20:22:44 EEST" duration-ms="2999" status="PASS">
          <reporter-output>
          </reporter-output>
        </test-method> <!-- loginWithEmptyPasswordTest -->
        <test-method is-config="true" signature="addScreenshotOnFailure(org.testng.ITestResult)[pri:0, instance:com.MyTestingCo.tests.login.LoginWithEmptyPasswordTest@3932c79a]" started-at="2024-10-22T20:22:44 EEST" name="addScreenshotOnFailure" finished-at="2024-10-22T20:22:44 EEST" duration-ms="0" status="PASS">
          <params>
            <param index="0">
              <value>
                <![CDATA[[TestResult name=loginWithEmptyPasswordTest status=SUCCESS method=LoginWithEmptyPasswordTest.loginWithEmptyPasswordTest()[pri:4, instance:com.MyTestingCo.tests.login.LoginWithEmptyPasswordTest@3932c79a] output={null}]]]>
              </value>
            </param>
          </params>
          <reporter-output>
          </reporter-output>
        </test-method> <!-- addScreenshotOnFailure -->
        <test-method is-config="true" signature="addScreenshotOnSuccess(org.testng.ITestResult)[pri:0, instance:com.MyTestingCo.tests.login.LoginWithEmptyPasswordTest@3932c79a]" started-at="2024-10-22T20:22:44 EEST" name="addScreenshotOnSuccess" finished-at="2024-10-22T20:22:44 EEST" duration-ms="122" status="PASS">
          <params>
            <param index="0">
              <value>
                <![CDATA[[TestResult name=loginWithEmptyPasswordTest status=SUCCESS method=LoginWithEmptyPasswordTest.loginWithEmptyPasswordTest()[pri:4, instance:com.MyTestingCo.tests.login.LoginWithEmptyPasswordTest@3932c79a] output={null}]]]>
              </value>
            </param>
          </params>
          <reporter-output>
          </reporter-output>
        </test-method> <!-- addScreenshotOnSuccess -->
        <test-method is-config="true" signature="tearDown()[pri:0, instance:com.MyTestingCo.tests.login.LoginWithEmptyPasswordTest@3932c79a]" started-at="2024-10-22T20:22:44 EEST" name="tearDown" finished-at="2024-10-22T20:22:44 EEST" duration-ms="240" status="PASS">
          <reporter-output>
          </reporter-output>
        </test-method> <!-- tearDown -->
      </class> <!-- com.MyTestingCo.tests.login.LoginWithEmptyPasswordTest -->
      <class name="com.MyTestingCo.tests.login.LoginWithEmptyUsernameTest">
        <test-method is-config="true" signature="setUp(java.lang.String)[pri:0, instance:com.MyTestingCo.tests.login.LoginWithEmptyUsernameTest@624ea235]" started-at="2024-10-22T20:22:35 EEST" name="setUp" finished-at="2024-10-22T20:22:36 EEST" duration-ms="1090" status="PASS">
          <params>
            <param index="0">
              <value>
                <![CDATA[chrome]]>
              </value>
            </param>
          </params>
          <reporter-output>
          </reporter-output>
        </test-method> <!-- setUp -->
        <test-method signature="loginWithEmptyUsernameTest()[pri:3, instance:com.MyTestingCo.tests.login.LoginWithEmptyUsernameTest@624ea235]" started-at="2024-10-22T20:22:36 EEST" name="loginWithEmptyUsernameTest" description="Login with Empty Username Test" finished-at="2024-10-22T20:22:39 EEST" duration-ms="2949" status="PASS">
          <reporter-output>
          </reporter-output>
        </test-method> <!-- loginWithEmptyUsernameTest -->
        <test-method is-config="true" signature="addScreenshotOnFailure(org.testng.ITestResult)[pri:0, instance:com.MyTestingCo.tests.login.LoginWithEmptyUsernameTest@624ea235]" started-at="2024-10-22T20:22:39 EEST" name="addScreenshotOnFailure" finished-at="2024-10-22T20:22:39 EEST" duration-ms="0" status="PASS">
          <params>
            <param index="0">
              <value>
                <![CDATA[[TestResult name=loginWithEmptyUsernameTest status=SUCCESS method=LoginWithEmptyUsernameTest.loginWithEmptyUsernameTest()[pri:3, instance:com.MyTestingCo.tests.login.LoginWithEmptyUsernameTest@624ea235] output={null}]]]>
              </value>
            </param>
          </params>
          <reporter-output>
          </reporter-output>
        </test-method> <!-- addScreenshotOnFailure -->
        <test-method is-config="true" signature="addScreenshotOnSuccess(org.testng.ITestResult)[pri:0, instance:com.MyTestingCo.tests.login.LoginWithEmptyUsernameTest@624ea235]" started-at="2024-10-22T20:22:39 EEST" name="addScreenshotOnSuccess" finished-at="2024-10-22T20:22:39 EEST" duration-ms="129" status="PASS">
          <params>
            <param index="0">
              <value>
                <![CDATA[[TestResult name=loginWithEmptyUsernameTest status=SUCCESS method=LoginWithEmptyUsernameTest.loginWithEmptyUsernameTest()[pri:3, instance:com.MyTestingCo.tests.login.LoginWithEmptyUsernameTest@624ea235] output={null}]]]>
              </value>
            </param>
          </params>
          <reporter-output>
          </reporter-output>
        </test-method> <!-- addScreenshotOnSuccess -->
        <test-method is-config="true" signature="tearDown()[pri:0, instance:com.MyTestingCo.tests.login.LoginWithEmptyUsernameTest@624ea235]" started-at="2024-10-22T20:22:39 EEST" name="tearDown" finished-at="2024-10-22T20:22:39 EEST" duration-ms="198" status="PASS">
          <reporter-output>
          </reporter-output>
        </test-method> <!-- tearDown -->
      </class> <!-- com.MyTestingCo.tests.login.LoginWithEmptyUsernameTest -->
    </test> <!-- Login Functionality Tests -->
    <test started-at="2024-10-22T20:22:49 EEST" name="Product Filtering Functionality Tests" finished-at="2024-10-22T20:23:52 EEST" duration-ms="63048">
      <class name="com.MyTestingCo.tests.filter.FilterByCategoryTest">
        <test-method is-config="true" signature="setUp(java.lang.String)[pri:0, instance:com.MyTestingCo.tests.filter.FilterByCategoryTest@465232e9]" started-at="2024-10-22T20:22:49 EEST" name="setUp" finished-at="2024-10-22T20:22:50 EEST" duration-ms="1186" status="PASS">
          <params>
            <param index="0">
              <value>
                <![CDATA[chrome]]>
              </value>
            </param>
          </params>
          <reporter-output>
          </reporter-output>
        </test-method> <!-- setUp -->
        <test-method signature="testFilterByCategory()[pri:0, instance:com.MyTestingCo.tests.filter.FilterByCategoryTest@465232e9]" started-at="2024-10-22T20:22:50 EEST" name="testFilterByCategory" description="Verify that the user can filter products by category" finished-at="2024-10-22T20:22:53 EEST" duration-ms="3156" status="PASS">
          <reporter-output>
          </reporter-output>
        </test-method> <!-- testFilterByCategory -->
        <test-method is-config="true" signature="addScreenshotOnFailure(org.testng.ITestResult)[pri:0, instance:com.MyTestingCo.tests.filter.FilterByCategoryTest@465232e9]" started-at="2024-10-22T20:22:53 EEST" name="addScreenshotOnFailure" finished-at="2024-10-22T20:22:53 EEST" duration-ms="2" status="PASS">
          <params>
            <param index="0">
              <value>
                <![CDATA[[TestResult name=testFilterByCategory status=SUCCESS method=FilterByCategoryTest.testFilterByCategory()[pri:0, instance:com.MyTestingCo.tests.filter.FilterByCategoryTest@465232e9] output={null}]]]>
              </value>
            </param>
          </params>
          <reporter-output>
          </reporter-output>
        </test-method> <!-- addScreenshotOnFailure -->
        <test-method is-config="true" signature="addScreenshotOnSuccess(org.testng.ITestResult)[pri:0, instance:com.MyTestingCo.tests.filter.FilterByCategoryTest@465232e9]" started-at="2024-10-22T20:22:53 EEST" name="addScreenshotOnSuccess" finished-at="2024-10-22T20:22:53 EEST" duration-ms="188" status="PASS">
          <params>
            <param index="0">
              <value>
                <![CDATA[[TestResult name=testFilterByCategory status=SUCCESS method=FilterByCategoryTest.testFilterByCategory()[pri:0, instance:com.MyTestingCo.tests.filter.FilterByCategoryTest@465232e9] output={null}]]]>
              </value>
            </param>
          </params>
          <reporter-output>
          </reporter-output>
        </test-method> <!-- addScreenshotOnSuccess -->
        <test-method is-config="true" signature="tearDown()[pri:0, instance:com.MyTestingCo.tests.filter.FilterByCategoryTest@465232e9]" started-at="2024-10-22T20:22:53 EEST" name="tearDown" finished-at="2024-10-22T20:22:53 EEST" duration-ms="216" status="PASS">
          <reporter-output>
          </reporter-output>
        </test-method> <!-- tearDown -->
      </class> <!-- com.MyTestingCo.tests.filter.FilterByCategoryTest -->
      <class name="com.MyTestingCo.tests.filter.FilterByCategoryWithEmptyFieldTest">
        <test-method is-config="true" signature="setUp(java.lang.String)[pri:0, instance:com.MyTestingCo.tests.filter.FilterByCategoryWithEmptyFieldTest@7486b455]" started-at="2024-10-22T20:23:36 EEST" name="setUp" finished-at="2024-10-22T20:23:37 EEST" duration-ms="1500" status="PASS">
          <params>
            <param index="0">
              <value>
                <![CDATA[chrome]]>
              </value>
            </param>
          </params>
          <reporter-output>
          </reporter-output>
        </test-method> <!-- setUp -->
        <test-method signature="testFilterByCategoryWithEmptyField()[pri:0, instance:com.MyTestingCo.tests.filter.FilterByCategoryWithEmptyFieldTest@7486b455]" started-at="2024-10-22T20:23:37 EEST" name="testFilterByCategoryWithEmptyField" description="Verify that the user cannot filter products by category with an empty field" finished-at="2024-10-22T20:23:50 EEST" duration-ms="12056" status="FAIL">
          <exception class="org.openqa.selenium.NoSuchElementException">
            <message>
              <![CDATA[Cannot locate option with text: 
For documentation on this error, please visit: https://www.selenium.dev/documentation/webdriver/troubleshooting/errors#no-such-element-exception
Build info: version: '4.24.0', revision: '748ffc9bc3'
System info: os.name: 'Windows 11', os.arch: 'amd64', os.version: '10.0', java.version: '22.0.1'
Driver info: driver.version: unknown]]>
            </message>
            <full-stacktrace>
              <![CDATA[org.openqa.selenium.NoSuchElementException: Cannot locate option with text: 
For documentation on this error, please visit: https://www.selenium.dev/documentation/webdriver/troubleshooting/errors#no-such-element-exception
Build info: version: '4.24.0', revision: '748ffc9bc3'
System info: os.name: 'Windows 11', os.arch: 'amd64', os.version: '10.0', java.version: '22.0.1'
Driver info: driver.version: unknown
at org.openqa.selenium.support.ui.Select.selectByVisibleText(Select.java:153)
at com.MyTestingCo.pages.FilterPage.filterByCategory(FilterPage.java:22)
at com.MyTestingCo.tests.filter.FilterByCategoryWithEmptyFieldTest.testFilterByCategoryWithEmptyField(FilterByCategoryWithEmptyFieldTest.java:38)
at java.base/jdk.internal.reflect.DirectMethodHandleAccessor.invoke(DirectMethodHandleAccessor.java:103)
at java.base/java.lang.reflect.Method.invoke(Method.java:580)
at org.testng.internal.invokers.MethodInvocationHelper.invokeMethod(MethodInvocationHelper.java:141)
at org.testng.internal.invokers.TestInvoker.invokeMethod(TestInvoker.java:686)
at org.testng.internal.invokers.TestInvoker.invokeTestMethod(TestInvoker.java:230)
at org.testng.internal.invokers.MethodRunner.runInSequence(MethodRunner.java:63)
at org.testng.internal.invokers.TestInvoker$MethodInvocationAgent.invoke(TestInvoker.java:992)
at org.testng.internal.invokers.TestInvoker.invokeTestMethods(TestInvoker.java:203)
at org.testng.internal.invokers.TestMethodWorker.invokeTestMethods(TestMethodWorker.java:154)
at org.testng.internal.invokers.TestMethodWorker.run(TestMethodWorker.java:134)
at java.base/java.util.ArrayList.forEach(ArrayList.java:1597)
at org.testng.TestRunner.privateRun(TestRunner.java:739)
at org.testng.TestRunner.run(TestRunner.java:614)
at org.testng.SuiteRunner.runTest(SuiteRunner.java:421)
at org.testng.SuiteRunner.runSequentially(SuiteRunner.java:413)
at org.testng.SuiteRunner.privateRun(SuiteRunner.java:373)
at org.testng.SuiteRunner.run(SuiteRunner.java:312)
at org.testng.SuiteRunnerWorker.runSuite(SuiteRunnerWorker.java:52)
at org.testng.SuiteRunnerWorker.run(SuiteRunnerWorker.java:95)
at org.testng.TestNG.runSuitesSequentially(TestNG.java:1274)
at org.testng.TestNG.runSuitesLocally(TestNG.java:1208)
at org.testng.TestNG.runSuites(TestNG.java:1112)
at org.testng.TestNG.run(TestNG.java:1079)
at org.apache.maven.surefire.testng.TestNGExecutor.run(TestNGExecutor.java:308)
at org.apache.maven.surefire.testng.TestNGXmlTestSuite.execute(TestNGXmlTestSuite.java:71)
at org.apache.maven.surefire.testng.TestNGProvider.invoke(TestNGProvider.java:113)
at org.apache.maven.surefire.booter.ForkedBooter.runSuitesInProcess(ForkedBooter.java:385)
at org.apache.maven.surefire.booter.ForkedBooter.execute(ForkedBooter.java:162)
at org.apache.maven.surefire.booter.ForkedBooter.run(ForkedBooter.java:507)
at org.apache.maven.surefire.booter.ForkedBooter.main(ForkedBooter.java:495)
]]>
            </full-stacktrace>
          </exception> <!-- org.openqa.selenium.NoSuchElementException -->
          <reporter-output>
          </reporter-output>
        </test-method> <!-- testFilterByCategoryWithEmptyField -->
        <test-method is-config="true" signature="addScreenshotOnFailure(org.testng.ITestResult)[pri:0, instance:com.MyTestingCo.tests.filter.FilterByCategoryWithEmptyFieldTest@7486b455]" started-at="2024-10-22T20:23:50 EEST" name="addScreenshotOnFailure" finished-at="2024-10-22T20:23:50 EEST" duration-ms="170" status="PASS">
          <params>
            <param index="0">
              <value>
                <![CDATA[[TestResult name=testFilterByCategoryWithEmptyField status=FAILURE method=FilterByCategoryWithEmptyFieldTest.testFilterByCategoryWithEmptyField()[pri:0, instance:com.MyTestingCo.tests.filter.FilterByCategoryWithEmptyFieldTest@7486b455] output={null}]]]>
              </value>
            </param>
          </params>
          <reporter-output>
          </reporter-output>
        </test-method> <!-- addScreenshotOnFailure -->
        <test-method is-config="true" signature="addScreenshotOnSuccess(org.testng.ITestResult)[pri:0, instance:com.MyTestingCo.tests.filter.FilterByCategoryWithEmptyFieldTest@7486b455]" started-at="2024-10-22T20:23:50 EEST" name="addScreenshotOnSuccess" finished-at="2024-10-22T20:23:50 EEST" duration-ms="1" status="PASS">
          <params>
            <param index="0">
              <value>
                <![CDATA[[TestResult name=testFilterByCategoryWithEmptyField status=FAILURE method=FilterByCategoryWithEmptyFieldTest.testFilterByCategoryWithEmptyField()[pri:0, instance:com.MyTestingCo.tests.filter.FilterByCategoryWithEmptyFieldTest@7486b455] output={null}]]]>
              </value>
            </param>
          </params>
          <reporter-output>
          </reporter-output>
        </test-method> <!-- addScreenshotOnSuccess -->
        <test-method is-config="true" signature="tearDown()[pri:0, instance:com.MyTestingCo.tests.filter.FilterByCategoryWithEmptyFieldTest@7486b455]" started-at="2024-10-22T20:23:50 EEST" name="tearDown" finished-at="2024-10-22T20:23:52 EEST" duration-ms="1994" status="PASS">
          <reporter-output>
          </reporter-output>
        </test-method> <!-- tearDown -->
      </class> <!-- com.MyTestingCo.tests.filter.FilterByCategoryWithEmptyFieldTest -->
      <class name="com.MyTestingCo.tests.filter.FilterByCategoryWithSpecialCharactersTest">
        <test-method is-config="true" signature="setUp(java.lang.String)[pri:0, instance:com.MyTestingCo.tests.filter.FilterByCategoryWithSpecialCharactersTest@23941fb4]" started-at="2024-10-22T20:23:23 EEST" name="setUp" finished-at="2024-10-22T20:23:24 EEST" duration-ms="1040" status="PASS">
          <params>
            <param index="0">
              <value>
                <![CDATA[chrome]]>
              </value>
            </param>
          </params>
          <reporter-output>
          </reporter-output>
        </test-method> <!-- setUp -->
        <test-method signature="testFilterByCategoryWithSpecialCharacters()[pri:0, instance:com.MyTestingCo.tests.filter.FilterByCategoryWithSpecialCharactersTest@23941fb4]" started-at="2024-10-22T20:23:24 EEST" name="testFilterByCategoryWithSpecialCharacters" description="Verify that the user can filter products by category with special characters" finished-at="2024-10-22T20:23:35 EEST" duration-ms="11595" status="FAIL">
          <exception class="org.openqa.selenium.NoSuchElementException">
            <message>
              <![CDATA[Cannot locate option with text: Name (A to Z)!
For documentation on this error, please visit: https://www.selenium.dev/documentation/webdriver/troubleshooting/errors#no-such-element-exception
Build info: version: '4.24.0', revision: '748ffc9bc3'
System info: os.name: 'Windows 11', os.arch: 'amd64', os.version: '10.0', java.version: '22.0.1'
Driver info: driver.version: unknown]]>
            </message>
            <full-stacktrace>
              <![CDATA[org.openqa.selenium.NoSuchElementException: Cannot locate option with text: Name (A to Z)!
For documentation on this error, please visit: https://www.selenium.dev/documentation/webdriver/troubleshooting/errors#no-such-element-exception
Build info: version: '4.24.0', revision: '748ffc9bc3'
System info: os.name: 'Windows 11', os.arch: 'amd64', os.version: '10.0', java.version: '22.0.1'
Driver info: driver.version: unknown
at org.openqa.selenium.support.ui.Select.selectByVisibleText(Select.java:153)
at com.MyTestingCo.pages.FilterPage.filterByCategory(FilterPage.java:22)
at com.MyTestingCo.tests.filter.FilterByCategoryWithSpecialCharactersTest.testFilterByCategoryWithSpecialCharacters(FilterByCategoryWithSpecialCharactersTest.java:38)
at java.base/jdk.internal.reflect.DirectMethodHandleAccessor.invoke(DirectMethodHandleAccessor.java:103)
at java.base/java.lang.reflect.Method.invoke(Method.java:580)
at org.testng.internal.invokers.MethodInvocationHelper.invokeMethod(MethodInvocationHelper.java:141)
at org.testng.internal.invokers.TestInvoker.invokeMethod(TestInvoker.java:686)
at org.testng.internal.invokers.TestInvoker.invokeTestMethod(TestInvoker.java:230)
at org.testng.internal.invokers.MethodRunner.runInSequence(MethodRunner.java:63)
at org.testng.internal.invokers.TestInvoker$MethodInvocationAgent.invoke(TestInvoker.java:992)
at org.testng.internal.invokers.TestInvoker.invokeTestMethods(TestInvoker.java:203)
at org.testng.internal.invokers.TestMethodWorker.invokeTestMethods(TestMethodWorker.java:154)
at org.testng.internal.invokers.TestMethodWorker.run(TestMethodWorker.java:134)
at java.base/java.util.ArrayList.forEach(ArrayList.java:1597)
at org.testng.TestRunner.privateRun(TestRunner.java:739)
at org.testng.TestRunner.run(TestRunner.java:614)
at org.testng.SuiteRunner.runTest(SuiteRunner.java:421)
at org.testng.SuiteRunner.runSequentially(SuiteRunner.java:413)
at org.testng.SuiteRunner.privateRun(SuiteRunner.java:373)
at org.testng.SuiteRunner.run(SuiteRunner.java:312)
at org.testng.SuiteRunnerWorker.runSuite(SuiteRunnerWorker.java:52)
at org.testng.SuiteRunnerWorker.run(SuiteRunnerWorker.java:95)
at org.testng.TestNG.runSuitesSequentially(TestNG.java:1274)
at org.testng.TestNG.runSuitesLocally(TestNG.java:1208)
at org.testng.TestNG.runSuites(TestNG.java:1112)
at org.testng.TestNG.run(TestNG.java:1079)
at org.apache.maven.surefire.testng.TestNGExecutor.run(TestNGExecutor.java:308)
at org.apache.maven.surefire.testng.TestNGXmlTestSuite.execute(TestNGXmlTestSuite.java:71)
at org.apache.maven.surefire.testng.TestNGProvider.invoke(TestNGProvider.java:113)
at org.apache.maven.surefire.booter.ForkedBooter.runSuitesInProcess(ForkedBooter.java:385)
at org.apache.maven.surefire.booter.ForkedBooter.execute(ForkedBooter.java:162)
at org.apache.maven.surefire.booter.ForkedBooter.run(ForkedBooter.java:507)
at org.apache.maven.surefire.booter.ForkedBooter.main(ForkedBooter.java:495)
]]>
            </full-stacktrace>
          </exception> <!-- org.openqa.selenium.NoSuchElementException -->
          <reporter-output>
          </reporter-output>
        </test-method> <!-- testFilterByCategoryWithSpecialCharacters -->
        <test-method is-config="true" signature="addScreenshotOnFailure(org.testng.ITestResult)[pri:0, instance:com.MyTestingCo.tests.filter.FilterByCategoryWithSpecialCharactersTest@23941fb4]" started-at="2024-10-22T20:23:35 EEST" name="addScreenshotOnFailure" finished-at="2024-10-22T20:23:36 EEST" duration-ms="155" status="PASS">
          <params>
            <param index="0">
              <value>
                <![CDATA[[TestResult name=testFilterByCategoryWithSpecialCharacters status=FAILURE method=FilterByCategoryWithSpecialCharactersTest.testFilterByCategoryWithSpecialCharacters()[pri:0, instance:com.MyTestingCo.tests.filter.FilterByCategoryWithSpecialCharactersTest@23941fb4] output={null}]]]>
              </value>
            </param>
          </params>
          <reporter-output>
          </reporter-output>
        </test-method> <!-- addScreenshotOnFailure -->
        <test-method is-config="true" signature="addScreenshotOnSuccess(org.testng.ITestResult)[pri:0, instance:com.MyTestingCo.tests.filter.FilterByCategoryWithSpecialCharactersTest@23941fb4]" started-at="2024-10-22T20:23:36 EEST" name="addScreenshotOnSuccess" finished-at="2024-10-22T20:23:36 EEST" duration-ms="0" status="PASS">
          <params>
            <param index="0">
              <value>
                <![CDATA[[TestResult name=testFilterByCategoryWithSpecialCharacters status=FAILURE method=FilterByCategoryWithSpecialCharactersTest.testFilterByCategoryWithSpecialCharacters()[pri:0, instance:com.MyTestingCo.tests.filter.FilterByCategoryWithSpecialCharactersTest@23941fb4] output={null}]]]>
              </value>
            </param>
          </params>
          <reporter-output>
          </reporter-output>
        </test-method> <!-- addScreenshotOnSuccess -->
        <test-method is-config="true" signature="tearDown()[pri:0, instance:com.MyTestingCo.tests.filter.FilterByCategoryWithSpecialCharactersTest@23941fb4]" started-at="2024-10-22T20:23:36 EEST" name="tearDown" finished-at="2024-10-22T20:23:36 EEST" duration-ms="369" status="PASS">
          <reporter-output>
          </reporter-output>
        </test-method> <!-- tearDown -->
      </class> <!-- com.MyTestingCo.tests.filter.FilterByCategoryWithSpecialCharactersTest -->
      <class name="com.MyTestingCo.tests.filter.FilterByMultipleCategoriesTest">
        <test-method is-config="true" signature="setUp(java.lang.String)[pri:0, instance:com.MyTestingCo.tests.filter.FilterByMultipleCategoriesTest@1df8da7a]" started-at="2024-10-22T20:23:18 EEST" name="setUp" finished-at="2024-10-22T20:23:19 EEST" duration-ms="1223" status="PASS">
          <params>
            <param index="0">
              <value>
                <![CDATA[chrome]]>
              </value>
            </param>
          </params>
          <reporter-output>
          </reporter-output>
        </test-method> <!-- setUp -->
        <test-method signature="testFilterByMultipleCategories()[pri:0, instance:com.MyTestingCo.tests.filter.FilterByMultipleCategoriesTest@1df8da7a]" started-at="2024-10-22T20:23:19 EEST" name="testFilterByMultipleCategories" description="Verify that the user can filter products by multiple categories" finished-at="2024-10-22T20:23:22 EEST" duration-ms="2970" status="FAIL">
          <exception class="java.lang.AssertionError">
            <message>
              <![CDATA[Products are not filtered by the specified category. expected [true] but found [false]]]>
            </message>
            <full-stacktrace>
              <![CDATA[java.lang.AssertionError: Products are not filtered by the specified category. expected [true] but found [false]
at org.testng.Assert.fail(Assert.java:111)
at org.testng.Assert.failNotEquals(Assert.java:1578)
at org.testng.Assert.assertTrue(Assert.java:57)
at com.MyTestingCo.tests.filter.FilterByMultipleCategoriesTest.testFilterByMultipleCategories(FilterByMultipleCategoriesTest.java:42)
at java.base/jdk.internal.reflect.DirectMethodHandleAccessor.invoke(DirectMethodHandleAccessor.java:103)
at java.base/java.lang.reflect.Method.invoke(Method.java:580)
at org.testng.internal.invokers.MethodInvocationHelper.invokeMethod(MethodInvocationHelper.java:141)
at org.testng.internal.invokers.TestInvoker.invokeMethod(TestInvoker.java:686)
at org.testng.internal.invokers.TestInvoker.invokeTestMethod(TestInvoker.java:230)
at org.testng.internal.invokers.MethodRunner.runInSequence(MethodRunner.java:63)
at org.testng.internal.invokers.TestInvoker$MethodInvocationAgent.invoke(TestInvoker.java:992)
at org.testng.internal.invokers.TestInvoker.invokeTestMethods(TestInvoker.java:203)
at org.testng.internal.invokers.TestMethodWorker.invokeTestMethods(TestMethodWorker.java:154)
at org.testng.internal.invokers.TestMethodWorker.run(TestMethodWorker.java:134)
at java.base/java.util.ArrayList.forEach(ArrayList.java:1597)
at org.testng.TestRunner.privateRun(TestRunner.java:739)
at org.testng.TestRunner.run(TestRunner.java:614)
at org.testng.SuiteRunner.runTest(SuiteRunner.java:421)
at org.testng.SuiteRunner.runSequentially(SuiteRunner.java:413)
at org.testng.SuiteRunner.privateRun(SuiteRunner.java:373)
at org.testng.SuiteRunner.run(SuiteRunner.java:312)
at org.testng.SuiteRunnerWorker.runSuite(SuiteRunnerWorker.java:52)
at org.testng.SuiteRunnerWorker.run(SuiteRunnerWorker.java:95)
at org.testng.TestNG.runSuitesSequentially(TestNG.java:1274)
at org.testng.TestNG.runSuitesLocally(TestNG.java:1208)
at org.testng.TestNG.runSuites(TestNG.java:1112)
at org.testng.TestNG.run(TestNG.java:1079)
at org.apache.maven.surefire.testng.TestNGExecutor.run(TestNGExecutor.java:308)
at org.apache.maven.surefire.testng.TestNGXmlTestSuite.execute(TestNGXmlTestSuite.java:71)
at org.apache.maven.surefire.testng.TestNGProvider.invoke(TestNGProvider.java:113)
at org.apache.maven.surefire.booter.ForkedBooter.runSuitesInProcess(ForkedBooter.java:385)
at org.apache.maven.surefire.booter.ForkedBooter.execute(ForkedBooter.java:162)
at org.apache.maven.surefire.booter.ForkedBooter.run(ForkedBooter.java:507)
at org.apache.maven.surefire.booter.ForkedBooter.main(ForkedBooter.java:495)
]]>
            </full-stacktrace>
          </exception> <!-- java.lang.AssertionError -->
          <reporter-output>
          </reporter-output>
        </test-method> <!-- testFilterByMultipleCategories -->
        <test-method is-config="true" signature="addScreenshotOnFailure(org.testng.ITestResult)[pri:0, instance:com.MyTestingCo.tests.filter.FilterByMultipleCategoriesTest@1df8da7a]" started-at="2024-10-22T20:23:22 EEST" name="addScreenshotOnFailure" finished-at="2024-10-22T20:23:23 EEST" duration-ms="154" status="PASS">
          <params>
            <param index="0">
              <value>
                <![CDATA[[TestResult name=testFilterByMultipleCategories status=FAILURE method=FilterByMultipleCategoriesTest.testFilterByMultipleCategories()[pri:0, instance:com.MyTestingCo.tests.filter.FilterByMultipleCategoriesTest@1df8da7a] output={null}]]]>
              </value>
            </param>
          </params>
          <reporter-output>
          </reporter-output>
        </test-method> <!-- addScreenshotOnFailure -->
        <test-method is-config="true" signature="addScreenshotOnSuccess(org.testng.ITestResult)[pri:0, instance:com.MyTestingCo.tests.filter.FilterByMultipleCategoriesTest@1df8da7a]" started-at="2024-10-22T20:23:23 EEST" name="addScreenshotOnSuccess" finished-at="2024-10-22T20:23:23 EEST" duration-ms="0" status="PASS">
          <params>
            <param index="0">
              <value>
                <![CDATA[[TestResult name=testFilterByMultipleCategories status=FAILURE method=FilterByMultipleCategoriesTest.testFilterByMultipleCategories()[pri:0, instance:com.MyTestingCo.tests.filter.FilterByMultipleCategoriesTest@1df8da7a] output={null}]]]>
              </value>
            </param>
          </params>
          <reporter-output>
          </reporter-output>
        </test-method> <!-- addScreenshotOnSuccess -->
        <test-method is-config="true" signature="tearDown()[pri:0, instance:com.MyTestingCo.tests.filter.FilterByMultipleCategoriesTest@1df8da7a]" started-at="2024-10-22T20:23:23 EEST" name="tearDown" finished-at="2024-10-22T20:23:23 EEST" duration-ms="209" status="PASS">
          <reporter-output>
          </reporter-output>
        </test-method> <!-- tearDown -->
      </class> <!-- com.MyTestingCo.tests.filter.FilterByMultipleCategoriesTest -->
      <class name="com.MyTestingCo.tests.filter.FilterByInvalidCategoryTest">
        <test-method is-config="true" signature="setUp(java.lang.String)[pri:0, instance:com.MyTestingCo.tests.filter.FilterByInvalidCategoryTest@798162bc]" started-at="2024-10-22T20:22:53 EEST" name="setUp" finished-at="2024-10-22T20:22:54 EEST" duration-ms="1070" status="PASS">
          <params>
            <param index="0">
              <value>
                <![CDATA[chrome]]>
              </value>
            </param>
          </params>
          <reporter-output>
          </reporter-output>
        </test-method> <!-- setUp -->
        <test-method signature="testFilterByInvalidCategory()[pri:0, instance:com.MyTestingCo.tests.filter.FilterByInvalidCategoryTest@798162bc]" started-at="2024-10-22T20:22:54 EEST" name="testFilterByInvalidCategory" description="Verify that the user cannot filter products by an invalid category" finished-at="2024-10-22T20:23:18 EEST" duration-ms="23251" status="FAIL">
          <exception class="org.openqa.selenium.NoSuchElementException">
            <message>
              <![CDATA[Cannot locate option with text: Invalid Category
For documentation on this error, please visit: https://www.selenium.dev/documentation/webdriver/troubleshooting/errors#no-such-element-exception
Build info: version: '4.24.0', revision: '748ffc9bc3'
System info: os.name: 'Windows 11', os.arch: 'amd64', os.version: '10.0', java.version: '22.0.1'
Driver info: driver.version: unknown]]>
            </message>
            <full-stacktrace>
              <![CDATA[org.openqa.selenium.NoSuchElementException: Cannot locate option with text: Invalid Category
For documentation on this error, please visit: https://www.selenium.dev/documentation/webdriver/troubleshooting/errors#no-such-element-exception
Build info: version: '4.24.0', revision: '748ffc9bc3'
System info: os.name: 'Windows 11', os.arch: 'amd64', os.version: '10.0', java.version: '22.0.1'
Driver info: driver.version: unknown
at org.openqa.selenium.support.ui.Select.selectByVisibleText(Select.java:153)
at com.MyTestingCo.pages.FilterPage.filterByCategory(FilterPage.java:22)
at com.MyTestingCo.tests.filter.FilterByInvalidCategoryTest.testFilterByInvalidCategory(FilterByInvalidCategoryTest.java:38)
at java.base/jdk.internal.reflect.DirectMethodHandleAccessor.invoke(DirectMethodHandleAccessor.java:103)
at java.base/java.lang.reflect.Method.invoke(Method.java:580)
at org.testng.internal.invokers.MethodInvocationHelper.invokeMethod(MethodInvocationHelper.java:141)
at org.testng.internal.invokers.TestInvoker.invokeMethod(TestInvoker.java:686)
at org.testng.internal.invokers.TestInvoker.invokeTestMethod(TestInvoker.java:230)
at org.testng.internal.invokers.MethodRunner.runInSequence(MethodRunner.java:63)
at org.testng.internal.invokers.TestInvoker$MethodInvocationAgent.invoke(TestInvoker.java:992)
at org.testng.internal.invokers.TestInvoker.invokeTestMethods(TestInvoker.java:203)
at org.testng.internal.invokers.TestMethodWorker.invokeTestMethods(TestMethodWorker.java:154)
at org.testng.internal.invokers.TestMethodWorker.run(TestMethodWorker.java:134)
at java.base/java.util.ArrayList.forEach(ArrayList.java:1597)
at org.testng.TestRunner.privateRun(TestRunner.java:739)
at org.testng.TestRunner.run(TestRunner.java:614)
at org.testng.SuiteRunner.runTest(SuiteRunner.java:421)
at org.testng.SuiteRunner.runSequentially(SuiteRunner.java:413)
at org.testng.SuiteRunner.privateRun(SuiteRunner.java:373)
at org.testng.SuiteRunner.run(SuiteRunner.java:312)
at org.testng.SuiteRunnerWorker.runSuite(SuiteRunnerWorker.java:52)
at org.testng.SuiteRunnerWorker.run(SuiteRunnerWorker.java:95)
at org.testng.TestNG.runSuitesSequentially(TestNG.java:1274)
at org.testng.TestNG.runSuitesLocally(TestNG.java:1208)
at org.testng.TestNG.runSuites(TestNG.java:1112)
at org.testng.TestNG.run(TestNG.java:1079)
at org.apache.maven.surefire.testng.TestNGExecutor.run(TestNGExecutor.java:308)
at org.apache.maven.surefire.testng.TestNGXmlTestSuite.execute(TestNGXmlTestSuite.java:71)
at org.apache.maven.surefire.testng.TestNGProvider.invoke(TestNGProvider.java:113)
at org.apache.maven.surefire.booter.ForkedBooter.runSuitesInProcess(ForkedBooter.java:385)
at org.apache.maven.surefire.booter.ForkedBooter.execute(ForkedBooter.java:162)
at org.apache.maven.surefire.booter.ForkedBooter.run(ForkedBooter.java:507)
at org.apache.maven.surefire.booter.ForkedBooter.main(ForkedBooter.java:495)
]]>
            </full-stacktrace>
          </exception> <!-- org.openqa.selenium.NoSuchElementException -->
          <reporter-output>
          </reporter-output>
        </test-method> <!-- testFilterByInvalidCategory -->
        <test-method is-config="true" signature="addScreenshotOnFailure(org.testng.ITestResult)[pri:0, instance:com.MyTestingCo.tests.filter.FilterByInvalidCategoryTest@798162bc]" started-at="2024-10-22T20:23:18 EEST" name="addScreenshotOnFailure" finished-at="2024-10-22T20:23:18 EEST" duration-ms="157" status="PASS">
          <params>
            <param index="0">
              <value>
                <![CDATA[[TestResult name=testFilterByInvalidCategory status=FAILURE method=FilterByInvalidCategoryTest.testFilterByInvalidCategory()[pri:0, instance:com.MyTestingCo.tests.filter.FilterByInvalidCategoryTest@798162bc] output={null}]]]>
              </value>
            </param>
          </params>
          <reporter-output>
          </reporter-output>
        </test-method> <!-- addScreenshotOnFailure -->
        <test-method is-config="true" signature="addScreenshotOnSuccess(org.testng.ITestResult)[pri:0, instance:com.MyTestingCo.tests.filter.FilterByInvalidCategoryTest@798162bc]" started-at="2024-10-22T20:23:18 EEST" name="addScreenshotOnSuccess" finished-at="2024-10-22T20:23:18 EEST" duration-ms="1" status="PASS">
          <params>
            <param index="0">
              <value>
                <![CDATA[[TestResult name=testFilterByInvalidCategory status=FAILURE method=FilterByInvalidCategoryTest.testFilterByInvalidCategory()[pri:0, instance:com.MyTestingCo.tests.filter.FilterByInvalidCategoryTest@798162bc] output={null}]]]>
              </value>
            </param>
          </params>
          <reporter-output>
          </reporter-output>
        </test-method> <!-- addScreenshotOnSuccess -->
        <test-method is-config="true" signature="tearDown()[pri:0, instance:com.MyTestingCo.tests.filter.FilterByInvalidCategoryTest@798162bc]" started-at="2024-10-22T20:23:18 EEST" name="tearDown" finished-at="2024-10-22T20:23:18 EEST" duration-ms="285" status="PASS">
          <reporter-output>
          </reporter-output>
        </test-method> <!-- tearDown -->
      </class> <!-- com.MyTestingCo.tests.filter.FilterByInvalidCategoryTest -->
    </test> <!-- Product Filtering Functionality Tests -->
    <test started-at="2024-10-22T20:23:52 EEST" name="Product Sorting Functionality Tests" finished-at="2024-10-22T20:25:59 EEST" duration-ms="127344">
      <class name="com.MyTestingCo.tests.sorting.SortByPriceWithSpecialCharactersTest">
        <test-method is-config="true" signature="setUp(java.lang.String)[pri:0, instance:com.MyTestingCo.tests.sorting.SortByPriceWithSpecialCharactersTest@700fb871]" started-at="2024-10-22T20:25:24 EEST" name="setUp" finished-at="2024-10-22T20:25:24 EEST" duration-ms="836" status="PASS">
          <params>
            <param index="0">
              <value>
                <![CDATA[chrome]]>
              </value>
            </param>
          </params>
          <reporter-output>
          </reporter-output>
        </test-method> <!-- setUp -->
        <test-method signature="testSortByPriceWithSpecialCharacters()[pri:0, instance:com.MyTestingCo.tests.sorting.SortByPriceWithSpecialCharactersTest@700fb871]" started-at="2024-10-22T20:25:24 EEST" name="testSortByPriceWithSpecialCharacters" description="Verify that the user can sort products by price with special characters" finished-at="2024-10-22T20:25:46 EEST" duration-ms="21573" status="FAIL">
          <exception class="org.openqa.selenium.NoSuchElementException">
            <message>
              <![CDATA[Cannot locate option with text: Price (low to high)!
For documentation on this error, please visit: https://www.selenium.dev/documentation/webdriver/troubleshooting/errors#no-such-element-exception
Build info: version: '4.24.0', revision: '748ffc9bc3'
System info: os.name: 'Windows 11', os.arch: 'amd64', os.version: '10.0', java.version: '22.0.1'
Driver info: driver.version: unknown]]>
            </message>
            <full-stacktrace>
              <![CDATA[org.openqa.selenium.NoSuchElementException: Cannot locate option with text: Price (low to high)!
For documentation on this error, please visit: https://www.selenium.dev/documentation/webdriver/troubleshooting/errors#no-such-element-exception
Build info: version: '4.24.0', revision: '748ffc9bc3'
System info: os.name: 'Windows 11', os.arch: 'amd64', os.version: '10.0', java.version: '22.0.1'
Driver info: driver.version: unknown
at org.openqa.selenium.support.ui.Select.selectByVisibleText(Select.java:153)
at com.MyTestingCo.pages.SortPage.sortByPrice(SortPage.java:22)
at com.MyTestingCo.tests.sorting.SortByPriceWithSpecialCharactersTest.testSortByPriceWithSpecialCharacters(SortByPriceWithSpecialCharactersTest.java:38)
at java.base/jdk.internal.reflect.DirectMethodHandleAccessor.invoke(DirectMethodHandleAccessor.java:103)
at java.base/java.lang.reflect.Method.invoke(Method.java:580)
at org.testng.internal.invokers.MethodInvocationHelper.invokeMethod(MethodInvocationHelper.java:141)
at org.testng.internal.invokers.TestInvoker.invokeMethod(TestInvoker.java:686)
at org.testng.internal.invokers.TestInvoker.invokeTestMethod(TestInvoker.java:230)
at org.testng.internal.invokers.MethodRunner.runInSequence(MethodRunner.java:63)
at org.testng.internal.invokers.TestInvoker$MethodInvocationAgent.invoke(TestInvoker.java:992)
at org.testng.internal.invokers.TestInvoker.invokeTestMethods(TestInvoker.java:203)
at org.testng.internal.invokers.TestMethodWorker.invokeTestMethods(TestMethodWorker.java:154)
at org.testng.internal.invokers.TestMethodWorker.run(TestMethodWorker.java:134)
at java.base/java.util.ArrayList.forEach(ArrayList.java:1597)
at org.testng.TestRunner.privateRun(TestRunner.java:739)
at org.testng.TestRunner.run(TestRunner.java:614)
at org.testng.SuiteRunner.runTest(SuiteRunner.java:421)
at org.testng.SuiteRunner.runSequentially(SuiteRunner.java:413)
at org.testng.SuiteRunner.privateRun(SuiteRunner.java:373)
at org.testng.SuiteRunner.run(SuiteRunner.java:312)
at org.testng.SuiteRunnerWorker.runSuite(SuiteRunnerWorker.java:52)
at org.testng.SuiteRunnerWorker.run(SuiteRunnerWorker.java:95)
at org.testng.TestNG.runSuitesSequentially(TestNG.java:1274)
at org.testng.TestNG.runSuitesLocally(TestNG.java:1208)
at org.testng.TestNG.runSuites(TestNG.java:1112)
at org.testng.TestNG.run(TestNG.java:1079)
at org.apache.maven.surefire.testng.TestNGExecutor.run(TestNGExecutor.java:308)
at org.apache.maven.surefire.testng.TestNGXmlTestSuite.execute(TestNGXmlTestSuite.java:71)
at org.apache.maven.surefire.testng.TestNGProvider.invoke(TestNGProvider.java:113)
at org.apache.maven.surefire.booter.ForkedBooter.runSuitesInProcess(ForkedBooter.java:385)
at org.apache.maven.surefire.booter.ForkedBooter.execute(ForkedBooter.java:162)
at org.apache.maven.surefire.booter.ForkedBooter.run(ForkedBooter.java:507)
at org.apache.maven.surefire.booter.ForkedBooter.main(ForkedBooter.java:495)
]]>
            </full-stacktrace>
          </exception> <!-- org.openqa.selenium.NoSuchElementException -->
          <reporter-output>
          </reporter-output>
        </test-method> <!-- testSortByPriceWithSpecialCharacters -->
        <test-method is-config="true" signature="addScreenshotOnFailure(org.testng.ITestResult)[pri:0, instance:com.MyTestingCo.tests.sorting.SortByPriceWithSpecialCharactersTest@700fb871]" started-at="2024-10-22T20:25:46 EEST" name="addScreenshotOnFailure" finished-at="2024-10-22T20:25:46 EEST" duration-ms="181" status="PASS">
          <params>
            <param index="0">
              <value>
                <![CDATA[[TestResult name=testSortByPriceWithSpecialCharacters status=FAILURE method=SortByPriceWithSpecialCharactersTest.testSortByPriceWithSpecialCharacters()[pri:0, instance:com.MyTestingCo.tests.sorting.SortByPriceWithSpecialCharactersTest@700fb871] output={null}]]]>
              </value>
            </param>
          </params>
          <reporter-output>
          </reporter-output>
        </test-method> <!-- addScreenshotOnFailure -->
        <test-method is-config="true" signature="addScreenshotOnSuccess(org.testng.ITestResult)[pri:0, instance:com.MyTestingCo.tests.sorting.SortByPriceWithSpecialCharactersTest@700fb871]" started-at="2024-10-22T20:25:46 EEST" name="addScreenshotOnSuccess" finished-at="2024-10-22T20:25:46 EEST" duration-ms="0" status="PASS">
          <params>
            <param index="0">
              <value>
                <![CDATA[[TestResult name=testSortByPriceWithSpecialCharacters status=FAILURE method=SortByPriceWithSpecialCharactersTest.testSortByPriceWithSpecialCharacters()[pri:0, instance:com.MyTestingCo.tests.sorting.SortByPriceWithSpecialCharactersTest@700fb871] output={null}]]]>
              </value>
            </param>
          </params>
          <reporter-output>
          </reporter-output>
        </test-method> <!-- addScreenshotOnSuccess -->
        <test-method is-config="true" signature="tearDown()[pri:0, instance:com.MyTestingCo.tests.sorting.SortByPriceWithSpecialCharactersTest@700fb871]" started-at="2024-10-22T20:25:46 EEST" name="tearDown" finished-at="2024-10-22T20:25:46 EEST" duration-ms="196" status="PASS">
          <reporter-output>
          </reporter-output>
        </test-method> <!-- tearDown -->
      </class> <!-- com.MyTestingCo.tests.sorting.SortByPriceWithSpecialCharactersTest -->
      <class name="com.MyTestingCo.tests.sorting.SortByMultiplePricesTest">
        <test-method is-config="true" signature="setUp(java.lang.String)[pri:0, instance:com.MyTestingCo.tests.sorting.SortByMultiplePricesTest@29f7cefd]" started-at="2024-10-22T20:25:02 EEST" name="setUp" finished-at="2024-10-22T20:25:03 EEST" duration-ms="1106" status="PASS">
          <params>
            <param index="0">
              <value>
                <![CDATA[chrome]]>
              </value>
            </param>
          </params>
          <reporter-output>
          </reporter-output>
        </test-method> <!-- setUp -->
        <test-method signature="testSortByMultiplePrices()[pri:0, instance:com.MyTestingCo.tests.sorting.SortByMultiplePricesTest@29f7cefd]" started-at="2024-10-22T20:25:03 EEST" name="testSortByMultiplePrices" description="Verify that the user can sort products by multiple prices" finished-at="2024-10-22T20:25:23 EEST" duration-ms="20029" status="FAIL">
          <exception class="org.openqa.selenium.TimeoutException">
            <message>
              <![CDATA[timeout: Timed out receiving message from renderer: -0.002
  (Session info: chrome=130.0.6723.59)
Build info: version: '4.24.0', revision: '748ffc9bc3'
System info: os.name: 'Windows 11', os.arch: 'amd64', os.version: '10.0', java.version: '22.0.1'
Driver info: org.openqa.selenium.chrome.ChromeDriver
Command: [21d281ba4a00e3d21d7b372126187c0b, get {url=https://www.saucedemo.com}]
Capabilities {acceptInsecureCerts: false, browserName: chrome, browserVersion: 130.0.6723.59, chrome: {chromedriverVersion: 130.0.6723.58 (3a50e012e4c9..., userDataDir: C:\Users\ommmm\AppData\Loca...}, fedcm:accounts: true, goog:chromeOptions: {debuggerAddress: localhost:8684}, networkConnectionEnabled: false, pageLoadStrategy: normal, platformName: windows, proxy: Proxy(), se:cdp: ws://localhost:8684/devtool..., se:cdpVersion: 130.0.6723.59, setWindowRect: true, strictFileInteractability: false, timeouts: {implicit: 0, pageLoad: 300000, script: 30000}, unhandledPromptBehavior: dismiss and notify, webauthn:extension:credBlob: true, webauthn:extension:largeBlob: true, webauthn:extension:minPinLength: true, webauthn:extension:prf: true, webauthn:virtualAuthenticators: true}
Session ID: 21d281ba4a00e3d21d7b372126187c0b]]>
            </message>
            <full-stacktrace>
              <![CDATA[org.openqa.selenium.TimeoutException: timeout: Timed out receiving message from renderer: -0.002
  (Session info: chrome=130.0.6723.59)
Build info: version: '4.24.0', revision: '748ffc9bc3'
System info: os.name: 'Windows 11', os.arch: 'amd64', os.version: '10.0', java.version: '22.0.1'
Driver info: org.openqa.selenium.chrome.ChromeDriver
Command: [21d281ba4a00e3d21d7b372126187c0b, get {url=https://www.saucedemo.com}]
Capabilities {acceptInsecureCerts: false, browserName: chrome, browserVersion: 130.0.6723.59, chrome: {chromedriverVersion: 130.0.6723.58 (3a50e012e4c9..., userDataDir: C:\Users\ommmm\AppData\Loca...}, fedcm:accounts: true, goog:chromeOptions: {debuggerAddress: localhost:8684}, networkConnectionEnabled: false, pageLoadStrategy: normal, platformName: windows, proxy: Proxy(), se:cdp: ws://localhost:8684/devtool..., se:cdpVersion: 130.0.6723.59, setWindowRect: true, strictFileInteractability: false, timeouts: {implicit: 0, pageLoad: 300000, script: 30000}, unhandledPromptBehavior: dismiss and notify, webauthn:extension:credBlob: true, webauthn:extension:largeBlob: true, webauthn:extension:minPinLength: true, webauthn:extension:prf: true, webauthn:virtualAuthenticators: true}
Session ID: 21d281ba4a00e3d21d7b372126187c0b
at java.base/jdk.internal.reflect.DirectConstructorHandleAccessor.newInstance(DirectConstructorHandleAccessor.java:62)
at java.base/java.lang.reflect.Constructor.newInstanceWithCaller(Constructor.java:502)
at java.base/java.lang.reflect.Constructor.newInstance(Constructor.java:486)
at org.openqa.selenium.remote.ErrorCodec.decode(ErrorCodec.java:167)
at org.openqa.selenium.remote.codec.w3c.W3CHttpResponseCodec.decode(W3CHttpResponseCodec.java:138)
at org.openqa.selenium.remote.codec.w3c.W3CHttpResponseCodec.decode(W3CHttpResponseCodec.java:50)
at org.openqa.selenium.remote.HttpCommandExecutor.execute(HttpCommandExecutor.java:190)
at org.openqa.selenium.remote.service.DriverCommandExecutor.invokeExecute(DriverCommandExecutor.java:216)
at org.openqa.selenium.remote.service.DriverCommandExecutor.execute(DriverCommandExecutor.java:174)
at org.openqa.selenium.remote.RemoteWebDriver.execute(RemoteWebDriver.java:545)
at org.openqa.selenium.remote.RemoteWebDriver.get(RemoteWebDriver.java:313)
at com.MyTestingCo.tests.sorting.SortByMultiplePricesTest.testSortByMultiplePrices(SortByMultiplePricesTest.java:24)
at java.base/jdk.internal.reflect.DirectMethodHandleAccessor.invoke(DirectMethodHandleAccessor.java:103)
at java.base/java.lang.reflect.Method.invoke(Method.java:580)
at org.testng.internal.invokers.MethodInvocationHelper.invokeMethod(MethodInvocationHelper.java:141)
at org.testng.internal.invokers.TestInvoker.invokeMethod(TestInvoker.java:686)
at org.testng.internal.invokers.TestInvoker.invokeTestMethod(TestInvoker.java:230)
at org.testng.internal.invokers.MethodRunner.runInSequence(MethodRunner.java:63)
at org.testng.internal.invokers.TestInvoker$MethodInvocationAgent.invoke(TestInvoker.java:992)
at org.testng.internal.invokers.TestInvoker.invokeTestMethods(TestInvoker.java:203)
at org.testng.internal.invokers.TestMethodWorker.invokeTestMethods(TestMethodWorker.java:154)
at org.testng.internal.invokers.TestMethodWorker.run(TestMethodWorker.java:134)
at java.base/java.util.ArrayList.forEach(ArrayList.java:1597)
at org.testng.TestRunner.privateRun(TestRunner.java:739)
at org.testng.TestRunner.run(TestRunner.java:614)
at org.testng.SuiteRunner.runTest(SuiteRunner.java:421)
at org.testng.SuiteRunner.runSequentially(SuiteRunner.java:413)
at org.testng.SuiteRunner.privateRun(SuiteRunner.java:373)
at org.testng.SuiteRunner.run(SuiteRunner.java:312)
at org.testng.SuiteRunnerWorker.runSuite(SuiteRunnerWorker.java:52)
at org.testng.SuiteRunnerWorker.run(SuiteRunnerWorker.java:95)
at org.testng.TestNG.runSuitesSequentially(TestNG.java:1274)
at org.testng.TestNG.runSuitesLocally(TestNG.java:1208)
at org.testng.TestNG.runSuites(TestNG.java:1112)
at org.testng.TestNG.run(TestNG.java:1079)
at org.apache.maven.surefire.testng.TestNGExecutor.run(TestNGExecutor.java:308)
at org.apache.maven.surefire.testng.TestNGXmlTestSuite.execute(TestNGXmlTestSuite.java:71)
at org.apache.maven.surefire.testng.TestNGProvider.invoke(TestNGProvider.java:113)
at org.apache.maven.surefire.booter.ForkedBooter.runSuitesInProcess(ForkedBooter.java:385)
at org.apache.maven.surefire.booter.ForkedBooter.execute(ForkedBooter.java:162)
at org.apache.maven.surefire.booter.ForkedBooter.run(ForkedBooter.java:507)
at org.apache.maven.surefire.booter.ForkedBooter.main(ForkedBooter.java:495)
]]>
            </full-stacktrace>
          </exception> <!-- org.openqa.selenium.TimeoutException -->
          <reporter-output>
          </reporter-output>
        </test-method> <!-- testSortByMultiplePrices -->
        <test-method is-config="true" signature="addScreenshotOnFailure(org.testng.ITestResult)[pri:0, instance:com.MyTestingCo.tests.sorting.SortByMultiplePricesTest@29f7cefd]" started-at="2024-10-22T20:25:23 EEST" name="addScreenshotOnFailure" finished-at="2024-10-22T20:25:23 EEST" duration-ms="141" status="PASS">
          <params>
            <param index="0">
              <value>
                <![CDATA[[TestResult name=testSortByMultiplePrices status=FAILURE method=SortByMultiplePricesTest.testSortByMultiplePrices()[pri:0, instance:com.MyTestingCo.tests.sorting.SortByMultiplePricesTest@29f7cefd] output={null}]]]>
              </value>
            </param>
          </params>
          <reporter-output>
          </reporter-output>
        </test-method> <!-- addScreenshotOnFailure -->
        <test-method is-config="true" signature="addScreenshotOnSuccess(org.testng.ITestResult)[pri:0, instance:com.MyTestingCo.tests.sorting.SortByMultiplePricesTest@29f7cefd]" started-at="2024-10-22T20:25:23 EEST" name="addScreenshotOnSuccess" finished-at="2024-10-22T20:25:23 EEST" duration-ms="1" status="PASS">
          <params>
            <param index="0">
              <value>
                <![CDATA[[TestResult name=testSortByMultiplePrices status=FAILURE method=SortByMultiplePricesTest.testSortByMultiplePrices()[pri:0, instance:com.MyTestingCo.tests.sorting.SortByMultiplePricesTest@29f7cefd] output={null}]]]>
              </value>
            </param>
          </params>
          <reporter-output>
          </reporter-output>
        </test-method> <!-- addScreenshotOnSuccess -->
        <test-method is-config="true" signature="tearDown()[pri:0, instance:com.MyTestingCo.tests.sorting.SortByMultiplePricesTest@29f7cefd]" started-at="2024-10-22T20:25:23 EEST" name="tearDown" finished-at="2024-10-22T20:25:24 EEST" duration-ms="175" status="PASS">
          <reporter-output>
          </reporter-output>
        </test-method> <!-- tearDown -->
      </class> <!-- com.MyTestingCo.tests.sorting.SortByMultiplePricesTest -->
      <class name="com.MyTestingCo.tests.sorting.SortByPriceWithEmptyFieldTest">
        <test-method is-config="true" signature="setUp(java.lang.String)[pri:0, instance:com.MyTestingCo.tests.sorting.SortByPriceWithEmptyFieldTest@3b35a229]" started-at="2024-10-22T20:25:46 EEST" name="setUp" finished-at="2024-10-22T20:25:47 EEST" duration-ms="841" status="PASS">
          <params>
            <param index="0">
              <value>
                <![CDATA[chrome]]>
              </value>
            </param>
          </params>
          <reporter-output>
          </reporter-output>
        </test-method> <!-- setUp -->
        <test-method signature="testSortByPriceWithEmptyField()[pri:0, instance:com.MyTestingCo.tests.sorting.SortByPriceWithEmptyFieldTest@3b35a229]" started-at="2024-10-22T20:25:47 EEST" name="testSortByPriceWithEmptyField" description="Verify that the user cannot sort products by price with an empty field" finished-at="2024-10-22T20:25:59 EEST" duration-ms="11431" status="FAIL">
          <exception class="org.openqa.selenium.NoSuchElementException">
            <message>
              <![CDATA[Cannot locate option with text: 
For documentation on this error, please visit: https://www.selenium.dev/documentation/webdriver/troubleshooting/errors#no-such-element-exception
Build info: version: '4.24.0', revision: '748ffc9bc3'
System info: os.name: 'Windows 11', os.arch: 'amd64', os.version: '10.0', java.version: '22.0.1'
Driver info: driver.version: unknown]]>
            </message>
            <full-stacktrace>
              <![CDATA[org.openqa.selenium.NoSuchElementException: Cannot locate option with text: 
For documentation on this error, please visit: https://www.selenium.dev/documentation/webdriver/troubleshooting/errors#no-such-element-exception
Build info: version: '4.24.0', revision: '748ffc9bc3'
System info: os.name: 'Windows 11', os.arch: 'amd64', os.version: '10.0', java.version: '22.0.1'
Driver info: driver.version: unknown
at org.openqa.selenium.support.ui.Select.selectByVisibleText(Select.java:153)
at com.MyTestingCo.pages.SortPage.sortByPrice(SortPage.java:22)
at com.MyTestingCo.tests.sorting.SortByPriceWithEmptyFieldTest.testSortByPriceWithEmptyField(SortByPriceWithEmptyFieldTest.java:38)
at java.base/jdk.internal.reflect.DirectMethodHandleAccessor.invoke(DirectMethodHandleAccessor.java:103)
at java.base/java.lang.reflect.Method.invoke(Method.java:580)
at org.testng.internal.invokers.MethodInvocationHelper.invokeMethod(MethodInvocationHelper.java:141)
at org.testng.internal.invokers.TestInvoker.invokeMethod(TestInvoker.java:686)
at org.testng.internal.invokers.TestInvoker.invokeTestMethod(TestInvoker.java:230)
at org.testng.internal.invokers.MethodRunner.runInSequence(MethodRunner.java:63)
at org.testng.internal.invokers.TestInvoker$MethodInvocationAgent.invoke(TestInvoker.java:992)
at org.testng.internal.invokers.TestInvoker.invokeTestMethods(TestInvoker.java:203)
at org.testng.internal.invokers.TestMethodWorker.invokeTestMethods(TestMethodWorker.java:154)
at org.testng.internal.invokers.TestMethodWorker.run(TestMethodWorker.java:134)
at java.base/java.util.ArrayList.forEach(ArrayList.java:1597)
at org.testng.TestRunner.privateRun(TestRunner.java:739)
at org.testng.TestRunner.run(TestRunner.java:614)
at org.testng.SuiteRunner.runTest(SuiteRunner.java:421)
at org.testng.SuiteRunner.runSequentially(SuiteRunner.java:413)
at org.testng.SuiteRunner.privateRun(SuiteRunner.java:373)
at org.testng.SuiteRunner.run(SuiteRunner.java:312)
at org.testng.SuiteRunnerWorker.runSuite(SuiteRunnerWorker.java:52)
at org.testng.SuiteRunnerWorker.run(SuiteRunnerWorker.java:95)
at org.testng.TestNG.runSuitesSequentially(TestNG.java:1274)
at org.testng.TestNG.runSuitesLocally(TestNG.java:1208)
at org.testng.TestNG.runSuites(TestNG.java:1112)
at org.testng.TestNG.run(TestNG.java:1079)
at org.apache.maven.surefire.testng.TestNGExecutor.run(TestNGExecutor.java:308)
at org.apache.maven.surefire.testng.TestNGXmlTestSuite.execute(TestNGXmlTestSuite.java:71)
at org.apache.maven.surefire.testng.TestNGProvider.invoke(TestNGProvider.java:113)
at org.apache.maven.surefire.booter.ForkedBooter.runSuitesInProcess(ForkedBooter.java:385)
at org.apache.maven.surefire.booter.ForkedBooter.execute(ForkedBooter.java:162)
at org.apache.maven.surefire.booter.ForkedBooter.run(ForkedBooter.java:507)
at org.apache.maven.surefire.booter.ForkedBooter.main(ForkedBooter.java:495)
]]>
            </full-stacktrace>
          </exception> <!-- org.openqa.selenium.NoSuchElementException -->
          <reporter-output>
          </reporter-output>
        </test-method> <!-- testSortByPriceWithEmptyField -->
        <test-method is-config="true" signature="addScreenshotOnFailure(org.testng.ITestResult)[pri:0, instance:com.MyTestingCo.tests.sorting.SortByPriceWithEmptyFieldTest@3b35a229]" started-at="2024-10-22T20:25:59 EEST" name="addScreenshotOnFailure" finished-at="2024-10-22T20:25:59 EEST" duration-ms="164" status="PASS">
          <params>
            <param index="0">
              <value>
                <![CDATA[[TestResult name=testSortByPriceWithEmptyField status=FAILURE method=SortByPriceWithEmptyFieldTest.testSortByPriceWithEmptyField()[pri:0, instance:com.MyTestingCo.tests.sorting.SortByPriceWithEmptyFieldTest@3b35a229] output={null}]]]>
              </value>
            </param>
          </params>
          <reporter-output>
          </reporter-output>
        </test-method> <!-- addScreenshotOnFailure -->
        <test-method is-config="true" signature="addScreenshotOnSuccess(org.testng.ITestResult)[pri:0, instance:com.MyTestingCo.tests.sorting.SortByPriceWithEmptyFieldTest@3b35a229]" started-at="2024-10-22T20:25:59 EEST" name="addScreenshotOnSuccess" finished-at="2024-10-22T20:25:59 EEST" duration-ms="0" status="PASS">
          <params>
            <param index="0">
              <value>
                <![CDATA[[TestResult name=testSortByPriceWithEmptyField status=FAILURE method=SortByPriceWithEmptyFieldTest.testSortByPriceWithEmptyField()[pri:0, instance:com.MyTestingCo.tests.sorting.SortByPriceWithEmptyFieldTest@3b35a229] output={null}]]]>
              </value>
            </param>
          </params>
          <reporter-output>
          </reporter-output>
        </test-method> <!-- addScreenshotOnSuccess -->
        <test-method is-config="true" signature="tearDown()[pri:0, instance:com.MyTestingCo.tests.sorting.SortByPriceWithEmptyFieldTest@3b35a229]" started-at="2024-10-22T20:25:59 EEST" name="tearDown" finished-at="2024-10-22T20:25:59 EEST" duration-ms="215" status="PASS">
          <reporter-output>
          </reporter-output>
        </test-method> <!-- tearDown -->
      </class> <!-- com.MyTestingCo.tests.sorting.SortByPriceWithEmptyFieldTest -->
      <class name="com.MyTestingCo.tests.sorting.SortByInvalidPriceTest">
        <test-method is-config="true" signature="setUp(java.lang.String)[pri:0, instance:com.MyTestingCo.tests.sorting.SortByInvalidPriceTest@1224144a]" started-at="2024-10-22T20:24:13 EEST" name="setUp" finished-at="2024-10-22T20:24:22 EEST" duration-ms="8762" status="PASS">
          <params>
            <param index="0">
              <value>
                <![CDATA[chrome]]>
              </value>
            </param>
          </params>
          <reporter-output>
          </reporter-output>
        </test-method> <!-- setUp -->
        <test-method signature="testSortByInvalidPrice()[pri:0, instance:com.MyTestingCo.tests.sorting.SortByInvalidPriceTest@1224144a]" started-at="2024-10-22T20:24:22 EEST" name="testSortByInvalidPrice" description="Verify that the user cannot sort products by an invalid price" finished-at="2024-10-22T20:25:02 EEST" duration-ms="39722" status="FAIL">
          <exception class="org.openqa.selenium.NoSuchElementException">
            <message>
              <![CDATA[Cannot locate option with text: Invalid Price
For documentation on this error, please visit: https://www.selenium.dev/documentation/webdriver/troubleshooting/errors#no-such-element-exception
Build info: version: '4.24.0', revision: '748ffc9bc3'
System info: os.name: 'Windows 11', os.arch: 'amd64', os.version: '10.0', java.version: '22.0.1'
Driver info: driver.version: unknown]]>
            </message>
            <full-stacktrace>
              <![CDATA[org.openqa.selenium.NoSuchElementException: Cannot locate option with text: Invalid Price
For documentation on this error, please visit: https://www.selenium.dev/documentation/webdriver/troubleshooting/errors#no-such-element-exception
Build info: version: '4.24.0', revision: '748ffc9bc3'
System info: os.name: 'Windows 11', os.arch: 'amd64', os.version: '10.0', java.version: '22.0.1'
Driver info: driver.version: unknown
at org.openqa.selenium.support.ui.Select.selectByVisibleText(Select.java:153)
at com.MyTestingCo.pages.SortPage.sortByPrice(SortPage.java:22)
at com.MyTestingCo.tests.sorting.SortByInvalidPriceTest.testSortByInvalidPrice(SortByInvalidPriceTest.java:38)
at java.base/jdk.internal.reflect.DirectMethodHandleAccessor.invoke(DirectMethodHandleAccessor.java:103)
at java.base/java.lang.reflect.Method.invoke(Method.java:580)
at org.testng.internal.invokers.MethodInvocationHelper.invokeMethod(MethodInvocationHelper.java:141)
at org.testng.internal.invokers.TestInvoker.invokeMethod(TestInvoker.java:686)
at org.testng.internal.invokers.TestInvoker.invokeTestMethod(TestInvoker.java:230)
at org.testng.internal.invokers.MethodRunner.runInSequence(MethodRunner.java:63)
at org.testng.internal.invokers.TestInvoker$MethodInvocationAgent.invoke(TestInvoker.java:992)
at org.testng.internal.invokers.TestInvoker.invokeTestMethods(TestInvoker.java:203)
at org.testng.internal.invokers.TestMethodWorker.invokeTestMethods(TestMethodWorker.java:154)
at org.testng.internal.invokers.TestMethodWorker.run(TestMethodWorker.java:134)
at java.base/java.util.ArrayList.forEach(ArrayList.java:1597)
at org.testng.TestRunner.privateRun(TestRunner.java:739)
at org.testng.TestRunner.run(TestRunner.java:614)
at org.testng.SuiteRunner.runTest(SuiteRunner.java:421)
at org.testng.SuiteRunner.runSequentially(SuiteRunner.java:413)
at org.testng.SuiteRunner.privateRun(SuiteRunner.java:373)
at org.testng.SuiteRunner.run(SuiteRunner.java:312)
at org.testng.SuiteRunnerWorker.runSuite(SuiteRunnerWorker.java:52)
at org.testng.SuiteRunnerWorker.run(SuiteRunnerWorker.java:95)
at org.testng.TestNG.runSuitesSequentially(TestNG.java:1274)
at org.testng.TestNG.runSuitesLocally(TestNG.java:1208)
at org.testng.TestNG.runSuites(TestNG.java:1112)
at org.testng.TestNG.run(TestNG.java:1079)
at org.apache.maven.surefire.testng.TestNGExecutor.run(TestNGExecutor.java:308)
at org.apache.maven.surefire.testng.TestNGXmlTestSuite.execute(TestNGXmlTestSuite.java:71)
at org.apache.maven.surefire.testng.TestNGProvider.invoke(TestNGProvider.java:113)
at org.apache.maven.surefire.booter.ForkedBooter.runSuitesInProcess(ForkedBooter.java:385)
at org.apache.maven.surefire.booter.ForkedBooter.execute(ForkedBooter.java:162)
at org.apache.maven.surefire.booter.ForkedBooter.run(ForkedBooter.java:507)
at org.apache.maven.surefire.booter.ForkedBooter.main(ForkedBooter.java:495)
]]>
            </full-stacktrace>
          </exception> <!-- org.openqa.selenium.NoSuchElementException -->
          <reporter-output>
          </reporter-output>
        </test-method> <!-- testSortByInvalidPrice -->
        <test-method is-config="true" signature="addScreenshotOnFailure(org.testng.ITestResult)[pri:0, instance:com.MyTestingCo.tests.sorting.SortByInvalidPriceTest@1224144a]" started-at="2024-10-22T20:25:02 EEST" name="addScreenshotOnFailure" finished-at="2024-10-22T20:25:02 EEST" duration-ms="182" status="PASS">
          <params>
            <param index="0">
              <value>
                <![CDATA[[TestResult name=testSortByInvalidPrice status=FAILURE method=SortByInvalidPriceTest.testSortByInvalidPrice()[pri:0, instance:com.MyTestingCo.tests.sorting.SortByInvalidPriceTest@1224144a] output={null}]]]>
              </value>
            </param>
          </params>
          <reporter-output>
          </reporter-output>
        </test-method> <!-- addScreenshotOnFailure -->
        <test-method is-config="true" signature="addScreenshotOnSuccess(org.testng.ITestResult)[pri:0, instance:com.MyTestingCo.tests.sorting.SortByInvalidPriceTest@1224144a]" started-at="2024-10-22T20:25:02 EEST" name="addScreenshotOnSuccess" finished-at="2024-10-22T20:25:02 EEST" duration-ms="1" status="PASS">
          <params>
            <param index="0">
              <value>
                <![CDATA[[TestResult name=testSortByInvalidPrice status=FAILURE method=SortByInvalidPriceTest.testSortByInvalidPrice()[pri:0, instance:com.MyTestingCo.tests.sorting.SortByInvalidPriceTest@1224144a] output={null}]]]>
              </value>
            </param>
          </params>
          <reporter-output>
          </reporter-output>
        </test-method> <!-- addScreenshotOnSuccess -->
        <test-method is-config="true" signature="tearDown()[pri:0, instance:com.MyTestingCo.tests.sorting.SortByInvalidPriceTest@1224144a]" started-at="2024-10-22T20:25:02 EEST" name="tearDown" finished-at="2024-10-22T20:25:02 EEST" duration-ms="194" status="PASS">
          <reporter-output>
          </reporter-output>
        </test-method> <!-- tearDown -->
      </class> <!-- com.MyTestingCo.tests.sorting.SortByInvalidPriceTest -->
      <class name="com.MyTestingCo.tests.sorting.SortByPriceTest">
        <test-method is-config="true" signature="setUp(java.lang.String)[pri:0, instance:com.MyTestingCo.tests.sorting.SortByPriceTest@f58853c]" started-at="2024-10-22T20:23:52 EEST" name="setUp" finished-at="2024-10-22T20:23:54 EEST" duration-ms="2567" status="PASS">
          <params>
            <param index="0">
              <value>
                <![CDATA[chrome]]>
              </value>
            </param>
          </params>
          <reporter-output>
          </reporter-output>
        </test-method> <!-- setUp -->
        <test-method signature="testSortByPrice()[pri:0, instance:com.MyTestingCo.tests.sorting.SortByPriceTest@f58853c]" started-at="2024-10-22T20:23:54 EEST" name="testSortByPrice" description="Verify that the user can sort products by price" finished-at="2024-10-22T20:24:11 EEST" duration-ms="16320" status="PASS">
          <reporter-output>
          </reporter-output>
        </test-method> <!-- testSortByPrice -->
        <test-method is-config="true" signature="addScreenshotOnFailure(org.testng.ITestResult)[pri:0, instance:com.MyTestingCo.tests.sorting.SortByPriceTest@f58853c]" started-at="2024-10-22T20:24:11 EEST" name="addScreenshotOnFailure" finished-at="2024-10-22T20:24:11 EEST" duration-ms="0" status="PASS">
          <params>
            <param index="0">
              <value>
                <![CDATA[[TestResult name=testSortByPrice status=SUCCESS method=SortByPriceTest.testSortByPrice()[pri:0, instance:com.MyTestingCo.tests.sorting.SortByPriceTest@f58853c] output={null}]]]>
              </value>
            </param>
          </params>
          <reporter-output>
          </reporter-output>
        </test-method> <!-- addScreenshotOnFailure -->
        <test-method is-config="true" signature="addScreenshotOnSuccess(org.testng.ITestResult)[pri:0, instance:com.MyTestingCo.tests.sorting.SortByPriceTest@f58853c]" started-at="2024-10-22T20:24:11 EEST" name="addScreenshotOnSuccess" finished-at="2024-10-22T20:24:11 EEST" duration-ms="146" status="PASS">
          <params>
            <param index="0">
              <value>
                <![CDATA[[TestResult name=testSortByPrice status=SUCCESS method=SortByPriceTest.testSortByPrice()[pri:0, instance:com.MyTestingCo.tests.sorting.SortByPriceTest@f58853c] output={null}]]]>
              </value>
            </param>
          </params>
          <reporter-output>
          </reporter-output>
        </test-method> <!-- addScreenshotOnSuccess -->
        <test-method is-config="true" signature="tearDown()[pri:0, instance:com.MyTestingCo.tests.sorting.SortByPriceTest@f58853c]" started-at="2024-10-22T20:24:11 EEST" name="tearDown" finished-at="2024-10-22T20:24:13 EEST" duration-ms="2510" status="PASS">
          <reporter-output>
          </reporter-output>
        </test-method> <!-- tearDown -->
      </class> <!-- com.MyTestingCo.tests.sorting.SortByPriceTest -->
    </test> <!-- Product Sorting Functionality Tests -->
    <test started-at="2024-10-22T20:25:59 EEST" name="Add to Cart Functionality Tests" finished-at="2024-10-22T20:26:59 EEST" duration-ms="59414">
      <class name="com.MyTestingCo.tests.cart.AddValidProductToCartTest">
        <test-method is-config="true" signature="setUp(java.lang.String)[pri:0, instance:com.MyTestingCo.tests.cart.AddValidProductToCartTest@311bf055]" started-at="2024-10-22T20:25:59 EEST" name="setUp" finished-at="2024-10-22T20:26:00 EEST" duration-ms="1019" status="PASS">
          <params>
            <param index="0">
              <value>
                <![CDATA[chrome]]>
              </value>
            </param>
          </params>
          <reporter-output>
          </reporter-output>
        </test-method> <!-- setUp -->
[...]
          <params>
            <param index="0">
              <value>
                <![CDATA[chrome]]>
              </value>
            </param>
          </params>
          <reporter-output>
          </reporter-output>
        </test-method> <!-- setUp -->
        <test-method signature="testValidCheckout()[pri:0, instance:com.MyTestingCo.tests.checkout.ValidCheckoutTest@36804139]" started-at="2024-10-22T20:27:00 EEST" name="testValidCheckout" description="Verify that a user can checkout successfully." finished-at="2024-10-22T20:27:13 EEST" duration-ms="13453" status="FAIL">
          <exception class="org.openqa.selenium.NoSuchElementException">
            <message>
              <![CDATA[no such element: Unable to locate element: {"method":"css selector","selector":"#zip\-code"}
  (Session info: chrome=130.0.6723.59)
For documentation on this error, please visit: https://www.selenium.dev/documentation/webdriver/troubleshooting/errors#no-such-element-exception
Build info: version: '4.24.0', revision: '748ffc9bc3'
System info: os.name: 'Windows 11', os.arch: 'amd64', os.version: '10.0', java.version: '22.0.1'
Driver info: org.openqa.selenium.chrome.ChromeDriver
Command: [9a1c47f72682967ac90845b057ffa3b2, findElement {using=id, value=zip-code}]
Capabilities {acceptInsecureCerts: false, browserName: chrome, browserVersion: 130.0.6723.59, chrome: {chromedriverVersion: 130.0.6723.58 (3a50e012e4c9..., userDataDir: C:\Users\ommmm\AppData\Loca...}, fedcm:accounts: true, goog:chromeOptions: {debuggerAddress: localhost:9020}, networkConnectionEnabled: false, pageLoadStrategy: normal, platformName: windows, proxy: Proxy(), se:cdp: ws://localhost:9020/devtool..., se:cdpVersion: 130.0.6723.59, setWindowRect: true, strictFileInteractability: false, timeouts: {implicit: 0, pageLoad: 300000, script: 30000}, unhandledPromptBehavior: dismiss and notify, webauthn:extension:credBlob: true, webauthn:extension:largeBlob: true, webauthn:extension:minPinLength: true, webauthn:extension:prf: true, webauthn:virtualAuthenticators: true}
Session ID: 9a1c47f72682967ac90845b057ffa3b2]]>
            </message>
            <full-stacktrace>
              <![CDATA[org.openqa.selenium.NoSuchElementException: no such element: Unable to locate element: {"method":"css selector","selector":"#zip\-code"}
  (Session info: chrome=130.0.6723.59)
For documentation on this error, please visit: https://www.selenium.dev/documentation/webdriver/troubleshooting/errors#no-such-element-exception
Build info: version: '4.24.0', revision: '748ffc9bc3'
System info: os.name: 'Windows 11', os.arch: 'amd64', os.version: '10.0', java.version: '22.0.1'
Driver info: org.openqa.selenium.chrome.ChromeDriver
Command: [9a1c47f72682967ac90845b057ffa3b2, findElement {using=id, value=zip-code}]
Capabilities {acceptInsecureCerts: false, browserName: chrome, browserVersion: 130.0.6723.59, chrome: {chromedriverVersion: 130.0.6723.58 (3a50e012e4c9..., userDataDir: C:\Users\ommmm\AppData\Loca...}, fedcm:accounts: true, goog:chromeOptions: {debuggerAddress: localhost:9020}, networkConnectionEnabled: false, pageLoadStrategy: normal, platformName: windows, proxy: Proxy(), se:cdp: ws://localhost:9020/devtool..., se:cdpVersion: 130.0.6723.59, setWindowRect: true, strictFileInteractability: false, timeouts: {implicit: 0, pageLoad: 300000, script: 30000}, unhandledPromptBehavior: dismiss and notify, webauthn:extension:credBlob: true, webauthn:extension:largeBlob: true, webauthn:extension:minPinLength: true, webauthn:extension:prf: true, webauthn:virtualAuthenticators: true}
Session ID: 9a1c47f72682967ac90845b057ffa3b2
at java.base/jdk.internal.reflect.DirectConstructorHandleAccessor.newInstance(DirectConstructorHandleAccessor.java:62)
at java.base/java.lang.reflect.Constructor.newInstanceWithCaller(Constructor.java:502)
at java.base/java.lang.reflect.Constructor.newInstance(Constructor.java:486)
at org.openqa.selenium.remote.ErrorCodec.decode(ErrorCodec.java:167)
at org.openqa.selenium.remote.codec.w3c.W3CHttpResponseCodec.decode(W3CHttpResponseCodec.java:138)
at org.openqa.selenium.remote.codec.w3c.W3CHttpResponseCodec.decode(W3CHttpResponseCodec.java:50)
at org.openqa.selenium.remote.HttpCommandExecutor.execute(HttpCommandExecutor.java:190)
at org.openqa.selenium.remote.service.DriverCommandExecutor.invokeExecute(DriverCommandExecutor.java:216)
at org.openqa.selenium.remote.service.DriverCommandExecutor.execute(DriverCommandExecutor.java:174)
at org.openqa.selenium.remote.RemoteWebDriver.execute(RemoteWebDriver.java:545)
at org.openqa.selenium.remote.ElementLocation$ElementFinder$2.findElement(ElementLocation.java:165)
at org.openqa.selenium.remote.ElementLocation.findElement(ElementLocation.java:59)
at org.openqa.selenium.remote.RemoteWebDriver.findElement(RemoteWebDriver.java:368)
at org.openqa.selenium.remote.RemoteWebDriver.findElement(RemoteWebDriver.java:362)
at com.MyTestingCo.pages.CheckoutPage.enterZIPCode(CheckoutPage.java:36)
at com.MyTestingCo.tests.checkout.ValidCheckoutTest.testValidCheckout(ValidCheckoutTest.java:43)
at java.base/jdk.internal.reflect.DirectMethodHandleAccessor.invoke(DirectMethodHandleAccessor.java:103)
at java.base/java.lang.reflect.Method.invoke(Method.java:580)
at org.testng.internal.invokers.MethodInvocationHelper.invokeMethod(MethodInvocationHelper.java:141)
at org.testng.internal.invokers.TestInvoker.invokeMethod(TestInvoker.java:686)
at org.testng.internal.invokers.TestInvoker.invokeTestMethod(TestInvoker.java:230)
at org.testng.internal.invokers.MethodRunner.runInSequence(MethodRunner.java:63)
at org.testng.internal.invokers.TestInvoker$MethodInvocationAgent.invoke(TestInvoker.java:992)
at org.testng.internal.invokers.TestInvoker.invokeTestMethods(TestInvoker.java:203)
at org.testng.internal.invokers.TestMethodWorker.invokeTestMethods(TestMethodWorker.java:154)
at org.testng.internal.invokers.TestMethodWorker.run(TestMethodWorker.java:134)
at java.base/java.util.ArrayList.forEach(ArrayList.java:1597)
at org.testng.TestRunner.privateRun(TestRunner.java:739)
at org.testng.TestRunner.run(TestRunner.java:614)
at org.testng.SuiteRunner.runTest(SuiteRunner.java:421)
at org.testng.SuiteRunner.runSequentially(SuiteRunner.java:413)
at org.testng.SuiteRunner.privateRun(SuiteRunner.java:373)
at org.testng.SuiteRunner.run(SuiteRunner.java:312)
at org.testng.SuiteRunnerWorker.runSuite(SuiteRunnerWorker.java:52)
at org.testng.SuiteRunnerWorker.run(SuiteRunnerWorker.java:95)
at org.testng.TestNG.runSuitesSequentially(TestNG.java:1274)
at org.testng.TestNG.runSuitesLocally(TestNG.java:1208)
at org.testng.TestNG.runSuites(TestNG.java:1112)
at org.testng.TestNG.run(TestNG.java:1079)
at org.apache.maven.surefire.testng.TestNGExecutor.run(TestNGExecutor.java:308)
at org.apache.maven.surefire.testng.TestNGXmlTestSuite.execute(TestNGXmlTestSuite.java:71)
at org.apache.maven.surefire.testng.TestNGProvider.invoke(TestNGProvider.java:113)
at org.apache.maven.surefire.booter.ForkedBooter.runSuitesInProcess(ForkedBooter.java:385)
at org.apache.maven.surefire.booter.ForkedBooter.execute(ForkedBooter.java:162)
at org.apache.maven.surefire.booter.ForkedBooter.run(ForkedBooter.java:507)
at org.apache.maven.surefire.booter.ForkedBooter.main(ForkedBooter.java:495)
]]>
            </full-stacktrace>
          </exception> <!-- org.openqa.selenium.NoSuchElementException -->
          <reporter-output>
          </reporter-output>
        </test-method> <!-- testValidCheckout -->
        <test-method is-config="true" signature="addScreenshotOnFailure(org.testng.ITestResult)[pri:0, instance:com.MyTestingCo.tests.checkout.ValidCheckoutTest@36804139]" started-at="2024-10-22T20:27:13 EEST" name="addScreenshotOnFailure" finished-at="2024-10-22T20:27:13 EEST" duration-ms="106" status="PASS">
          <params>
            <param index="0">
              <value>
                <![CDATA[[TestResult name=testValidCheckout status=FAILURE method=ValidCheckoutTest.testValidCheckout()[pri:0, instance:com.MyTestingCo.tests.checkout.ValidCheckoutTest@36804139] output={null}]]]>
              </value>
            </param>
          </params>
          <reporter-output>
          </reporter-output>
        </test-method> <!-- addScreenshotOnFailure -->
        <test-method is-config="true" signature="addScreenshotOnSuccess(org.testng.ITestResult)[pri:0, instance:com.MyTestingCo.tests.checkout.ValidCheckoutTest@36804139]" started-at="2024-10-22T20:27:13 EEST" name="addScreenshotOnSuccess" finished-at="2024-10-22T20:27:13 EEST" duration-ms="1" status="PASS">
          <params>
            <param index="0">
              <value>
                <![CDATA[[TestResult name=testValidCheckout status=FAILURE method=ValidCheckoutTest.testValidCheckout()[pri:0, instance:com.MyTestingCo.tests.checkout.ValidCheckoutTest@36804139] output={null}]]]>
              </value>
            </param>
          </params>
          <reporter-output>
          </reporter-output>
        </test-method> <!-- addScreenshotOnSuccess -->
        <test-method is-config="true" signature="tearDown()[pri:0, instance:com.MyTestingCo.tests.checkout.ValidCheckoutTest@36804139]" started-at="2024-10-22T20:27:13 EEST" name="tearDown" finished-at="2024-10-22T20:27:13 EEST" duration-ms="239" status="PASS">
          <reporter-output>
          </reporter-output>
        </test-method> <!-- tearDown -->
      </class> <!-- com.MyTestingCo.tests.checkout.ValidCheckoutTest -->
      <class name="com.MyTestingCo.tests.checkout.CheckoutWithMultipleProductsTest">
        <test-method is-config="true" signature="setUp(java.lang.String)[pri:0, instance:com.MyTestingCo.tests.checkout.CheckoutWithMultipleProductsTest@730d2164]" started-at="2024-10-22T20:27:27 EEST" name="setUp" finished-at="2024-10-22T20:27:27 EEST" duration-ms="798" status="PASS">
          <params>
            <param index="0">
              <value>
                <![CDATA[chrome]]>
              </value>
            </param>
          </params>
          <reporter-output>
          </reporter-output>
        </test-method> <!-- setUp -->
        <test-method signature="testCheckoutWithMultipleProducts()[pri:0, instance:com.MyTestingCo.tests.checkout.CheckoutWithMultipleProductsTest@730d2164]" started-at="2024-10-22T20:27:27 EEST" name="testCheckoutWithMultipleProducts" description="Verify that a user can checkout with multiple products." finished-at="2024-10-22T20:27:40 EEST" duration-ms="12726" status="FAIL">
          <exception class="org.openqa.selenium.NoSuchElementException">
            <message>
              <![CDATA[no such element: Unable to locate element: {"method":"css selector","selector":"#zip\-code"}
  (Session info: chrome=130.0.6723.59)
For documentation on this error, please visit: https://www.selenium.dev/documentation/webdriver/troubleshooting/errors#no-such-element-exception
Build info: version: '4.24.0', revision: '748ffc9bc3'
System info: os.name: 'Windows 11', os.arch: 'amd64', os.version: '10.0', java.version: '22.0.1'
Driver info: org.openqa.selenium.chrome.ChromeDriver
Command: [db59d6d89be2065aad289a4451aa9dc7, findElement {using=id, value=zip-code}]
Capabilities {acceptInsecureCerts: false, browserName: chrome, browserVersion: 130.0.6723.59, chrome: {chromedriverVersion: 130.0.6723.58 (3a50e012e4c9..., userDataDir: C:\Users\ommmm\AppData\Loca...}, fedcm:accounts: true, goog:chromeOptions: {debuggerAddress: localhost:9114}, networkConnectionEnabled: false, pageLoadStrategy: normal, platformName: windows, proxy: Proxy(), se:cdp: ws://localhost:9114/devtool..., se:cdpVersion: 130.0.6723.59, setWindowRect: true, strictFileInteractability: false, timeouts: {implicit: 0, pageLoad: 300000, script: 30000}, unhandledPromptBehavior: dismiss and notify, webauthn:extension:credBlob: true, webauthn:extension:largeBlob: true, webauthn:extension:minPinLength: true, webauthn:extension:prf: true, webauthn:virtualAuthenticators: true}
Session ID: db59d6d89be2065aad289a4451aa9dc7]]>
            </message>
            <full-stacktrace>
              <![CDATA[org.openqa.selenium.NoSuchElementException: no such element: Unable to locate element: {"method":"css selector","selector":"#zip\-code"}
  (Session info: chrome=130.0.6723.59)
For documentation on this error, please visit: https://www.selenium.dev/documentation/webdriver/troubleshooting/errors#no-such-element-exception
Build info: version: '4.24.0', revision: '748ffc9bc3'
System info: os.name: 'Windows 11', os.arch: 'amd64', os.version: '10.0', java.version: '22.0.1'
Driver info: org.openqa.selenium.chrome.ChromeDriver
Command: [db59d6d89be2065aad289a4451aa9dc7, findElement {using=id, value=zip-code}]
Capabilities {acceptInsecureCerts: false, browserName: chrome, browserVersion: 130.0.6723.59, chrome: {chromedriverVersion: 130.0.6723.58 (3a50e012e4c9..., userDataDir: C:\Users\ommmm\AppData\Loca...}, fedcm:accounts: true, goog:chromeOptions: {debuggerAddress: localhost:9114}, networkConnectionEnabled: false, pageLoadStrategy: normal, platformName: windows, proxy: Proxy(), se:cdp: ws://localhost:9114/devtool..., se:cdpVersion: 130.0.6723.59, setWindowRect: true, strictFileInteractability: false, timeouts: {implicit: 0, pageLoad: 300000, script: 30000}, unhandledPromptBehavior: dismiss and notify, webauthn:extension:credBlob: true, webauthn:extension:largeBlob: true, webauthn:extension:minPinLength: true, webauthn:extension:prf: true, webauthn:virtualAuthenticators: true}
Session ID: db59d6d89be2065aad289a4451aa9dc7
at java.base/jdk.internal.reflect.DirectConstructorHandleAccessor.newInstance(DirectConstructorHandleAccessor.java:62)
at java.base/java.lang.reflect.Constructor.newInstanceWithCaller(Constructor.java:502)
at java.base/java.lang.reflect.Constructor.newInstance(Constructor.java:486)
at org.openqa.selenium.remote.ErrorCodec.decode(ErrorCodec.java:167)
at org.openqa.selenium.remote.codec.w3c.W3CHttpResponseCodec.decode(W3CHttpResponseCodec.java:138)
at org.openqa.selenium.remote.codec.w3c.W3CHttpResponseCodec.decode(W3CHttpResponseCodec.java:50)
at org.openqa.selenium.remote.HttpCommandExecutor.execute(HttpCommandExecutor.java:190)
at org.openqa.selenium.remote.service.DriverCommandExecutor.invokeExecute(DriverCommandExecutor.java:216)
at org.openqa.selenium.remote.service.DriverCommandExecutor.execute(DriverCommandExecutor.java:174)
at org.openqa.selenium.remote.RemoteWebDriver.execute(RemoteWebDriver.java:545)
at org.openqa.selenium.remote.ElementLocation$ElementFinder$2.findElement(ElementLocation.java:165)
at org.openqa.selenium.remote.ElementLocation.findElement(ElementLocation.java:59)
at org.openqa.selenium.remote.RemoteWebDriver.findElement(RemoteWebDriver.java:368)
at org.openqa.selenium.remote.RemoteWebDriver.findElement(RemoteWebDriver.java:362)
at com.MyTestingCo.pages.CheckoutPage.enterZIPCode(CheckoutPage.java:36)
at com.MyTestingCo.tests.checkout.CheckoutWithMultipleProductsTest.testCheckoutWithMultipleProducts(CheckoutWithMultipleProductsTest.java:45)
at java.base/jdk.internal.reflect.DirectMethodHandleAccessor.invoke(DirectMethodHandleAccessor.java:103)
at java.base/java.lang.reflect.Method.invoke(Method.java:580)
at org.testng.internal.invokers.MethodInvocationHelper.invokeMethod(MethodInvocationHelper.java:141)
at org.testng.internal.invokers.TestInvoker.invokeMethod(TestInvoker.java:686)
at org.testng.internal.invokers.TestInvoker.invokeTestMethod(TestInvoker.java:230)
at org.testng.internal.invokers.MethodRunner.runInSequence(MethodRunner.java:63)
at org.testng.internal.invokers.TestInvoker$MethodInvocationAgent.invoke(TestInvoker.java:992)
at org.testng.internal.invokers.TestInvoker.invokeTestMethods(TestInvoker.java:203)
at org.testng.internal.invokers.TestMethodWorker.invokeTestMethods(TestMethodWorker.java:154)
at org.testng.internal.invokers.TestMethodWorker.run(TestMethodWorker.java:134)
at java.base/java.util.ArrayList.forEach(ArrayList.java:1597)
at org.testng.TestRunner.privateRun(TestRunner.java:739)
at org.testng.TestRunner.run(TestRunner.java:614)
at org.testng.SuiteRunner.runTest(SuiteRunner.java:421)
at org.testng.SuiteRunner.runSequentially(SuiteRunner.java:413)
at org.testng.SuiteRunner.privateRun(SuiteRunner.java:373)
at org.testng.SuiteRunner.run(SuiteRunner.java:312)
at org.testng.SuiteRunnerWorker.runSuite(SuiteRunnerWorker.java:52)
at org.testng.SuiteRunnerWorker.run(SuiteRunnerWorker.java:95)
at org.testng.TestNG.runSuitesSequentially(TestNG.java:1274)
at org.testng.TestNG.runSuitesLocally(TestNG.java:1208)
at org.testng.TestNG.runSuites(TestNG.java:1112)
at org.testng.TestNG.run(TestNG.java:1079)
at org.apache.maven.surefire.testng.TestNGExecutor.run(TestNGExecutor.java:308)
at org.apache.maven.surefire.testng.TestNGXmlTestSuite.execute(TestNGXmlTestSuite.java:71)
at org.apache.maven.surefire.testng.TestNGProvider.invoke(TestNGProvider.java:113)
at org.apache.maven.surefire.booter.ForkedBooter.runSuitesInProcess(ForkedBooter.java:385)
at org.apache.maven.surefire.booter.ForkedBooter.execute(ForkedBooter.java:162)
at org.apache.maven.surefire.booter.ForkedBooter.run(ForkedBooter.java:507)
at org.apache.maven.surefire.booter.ForkedBooter.main(ForkedBooter.java:495)
]]>
            </full-stacktrace>
          </exception> <!-- org.openqa.selenium.NoSuchElementException -->
          <reporter-output>
          </reporter-output>
        </test-method> <!-- testCheckoutWithMultipleProducts -->
        <test-method is-config="true" signature="addScreenshotOnFailure(org.testng.ITestResult)[pri:0, instance:com.MyTestingCo.tests.checkout.CheckoutWithMultipleProductsTest@730d2164]" started-at="2024-10-22T20:27:40 EEST" name="addScreenshotOnFailure" finished-at="2024-10-22T20:27:40 EEST" duration-ms="138" status="PASS">
          <params>
            <param index="0">
              <value>
                <![CDATA[[TestResult name=testCheckoutWithMultipleProducts status=FAILURE method=CheckoutWithMultipleProductsTest.testCheckoutWithMultipleProducts()[pri:0, instance:com.MyTestingCo.tests.checkout.CheckoutWithMultipleProductsTest@730d2164] output={null}]]]>
              </value>
            </param>
          </params>
          <reporter-output>
          </reporter-output>
        </test-method> <!-- addScreenshotOnFailure -->
        <test-method is-config="true" signature="addScreenshotOnSuccess(org.testng.ITestResult)[pri:0, instance:com.MyTestingCo.tests.checkout.CheckoutWithMultipleProductsTest@730d2164]" started-at="2024-10-22T20:27:40 EEST" name="addScreenshotOnSuccess" finished-at="2024-10-22T20:27:40 EEST" duration-ms="1" status="PASS">
          <params>
            <param index="0">
              <value>
                <![CDATA[[TestResult name=testCheckoutWithMultipleProducts status=FAILURE method=CheckoutWithMultipleProductsTest.testCheckoutWithMultipleProducts()[pri:0, instance:com.MyTestingCo.tests.checkout.CheckoutWithMultipleProductsTest@730d2164] output={null}]]]>
              </value>
            </param>
          </params>
          <reporter-output>
          </reporter-output>
        </test-method> <!-- addScreenshotOnSuccess -->
        <test-method is-config="true" signature="tearDown()[pri:0, instance:com.MyTestingCo.tests.checkout.CheckoutWithMultipleProductsTest@730d2164]" started-at="2024-10-22T20:27:40 EEST" name="tearDown" finished-at="2024-10-22T20:27:41 EEST" duration-ms="238" status="PASS">
          <reporter-output>
          </reporter-output>
        </test-method> <!-- tearDown -->
      </class> <!-- com.MyTestingCo.tests.checkout.CheckoutWithMultipleProductsTest -->
    </test> <!-- Checkout Functionality Tests -->
    <test started-at="2024-10-22T20:28:11 EEST" name="Logout Functionality Tests" finished-at="2024-10-22T20:28:11 EEST" duration-ms="1">
    </test> <!-- Logout Functionality Tests -->
  </suite> <!-- SauceDemo Tests Suite -->
</testng-results>
