<?xml version="1.0" encoding="UTF-8"?>
<!-- Generated by org.testng.reporters.JUnitXMLReporter -->
<testsuite ignored="0" hostname="MAHMOUD-PC" failures="0" tests="5" name="Login Functionality Tests" time="18.095" errors="0" timestamp="2024-09-30T02:46:09 EEST">
  <testcase classname="com.MyTestingCo.tests.login.ValidLoginTest" name="testValidLogin" time="2.511"/>
  <testcase classname="com.MyTestingCo.tests.login.InvalidLoginTest" name="testInvalidLogin" time="1.392"/>
  <testcase classname="com.MyTestingCo.tests.login.LoginWithEmptyUsernameTest" name="loginWithEmptyUsernameTest" time="1.148"/>
  <testcase classname="com.MyTestingCo.tests.login.LoginWithEmptyPasswordTest" name="loginWithEmptyPasswordTest" time="1.31"/>
  <testcase classname="com.MyTestingCo.tests.login.LoginWithSpecialCharactersTest" name="loginWithSpecialCharactersTest" time="1.54"/>
</testsuite> <!-- Login Functionality Tests -->
