<?xml version="1.0" encoding="UTF-8"?>
<!-- Generated by org.testng.reporters.JUnitXMLReporter -->
<testsuite ignored="0" hostname="MAHMOUD-PC" failures="0" tests="5" name="Login Functionality Tests" time="29.338" errors="0" timestamp="2024-10-22T20:22:49 EEST">
  <testcase classname="com.MyTestingCo.tests.login.ValidLoginTest" name="testValidLogin" time="3.427"/>
  <testcase classname="com.MyTestingCo.tests.login.InvalidLoginTest" name="testInvalidLogin" time="3.015"/>
  <testcase classname="com.MyTestingCo.tests.login.LoginWithEmptyUsernameTest" name="loginWithEmptyUsernameTest" time="2.949"/>
  <testcase classname="com.MyTestingCo.tests.login.LoginWithEmptyPasswordTest" name="loginWithEmptyPasswordTest" time="2.999"/>
  <testcase classname="com.MyTestingCo.tests.login.LoginWithSpecialCharactersTest" name="loginWithSpecialCharactersTest" time="3.044"/>
</testsuite> <!-- Login Functionality Tests -->
